00:37:01.461 [restartedMain] INFO  c.e.j.JournalprojectApplication - Starting JournalprojectApplication using Java 24.0.1 with PID 9624 (C:\Users\PC\Desktop\JAVA-DEVELOPMENT\15_JournalProject\target\classes started by PC in C:\Users\PC\Desktop\JAVA-DEVELOPMENT\15_JournalProject)
00:37:01.462 [restartedMain] INFO  c.e.j.JournalprojectApplication - The following 1 profile is active: "dev"
00:37:01.542 [restartedMain] INFO  o.s.b.d.e.DevToolsPropertyDefaultsPostProcessor - Devtools property defaults active! Set 'spring.devtools.add-properties' to 'false' to disable
00:37:01.542 [restartedMain] INFO  o.s.b.d.e.DevToolsPropertyDefaultsPostProcessor - For additional web related logging consider setting the 'logging.level.web' property to 'DEBUG'
00:37:02.832 [restartedMain] INFO  o.s.d.r.c.RepositoryConfigurationDelegate - Multiple Spring Data modules found, entering strict repository configuration mode
00:37:02.835 [restartedMain] INFO  o.s.d.r.c.RepositoryConfigurationDelegate - Bootstrapping Spring Data JPA repositories in DEFAULT mode.
00:37:02.907 [restartedMain] INFO  o.s.d.r.c.RepositoryConfigurationExtensionSupport - Spring Data JPA - Could not safely identify store assignment for repository candidate interface com.example.journalproject.repository.ConfigJournalAppRepository; If you want this repository to be a JPA repository, consider annotating your entities with one of these annotations: jakarta.persistence.Entity, jakarta.persistence.MappedSuperclass (preferred), or consider extending one of the following types with your repository: org.springframework.data.jpa.repository.JpaRepository
00:37:02.912 [restartedMain] INFO  o.s.d.r.c.RepositoryConfigurationExtensionSupport - Spring Data JPA - Could not safely identify store assignment for repository candidate interface com.example.journalproject.repository.JournalEntryRepository; If you want this repository to be a JPA repository, consider annotating your entities with one of these annotations: jakarta.persistence.Entity, jakarta.persistence.MappedSuperclass (preferred), or consider extending one of the following types with your repository: org.springframework.data.jpa.repository.JpaRepository
00:37:02.917 [restartedMain] INFO  o.s.d.r.c.RepositoryConfigurationExtensionSupport - Spring Data JPA - Could not safely identify store assignment for repository candidate interface com.example.journalproject.repository.UserEntryRepository; If you want this repository to be a JPA repository, consider annotating your entities with one of these annotations: jakarta.persistence.Entity, jakarta.persistence.MappedSuperclass (preferred), or consider extending one of the following types with your repository: org.springframework.data.jpa.repository.JpaRepository
00:37:02.919 [restartedMain] INFO  o.s.d.r.c.RepositoryConfigurationDelegate - Finished Spring Data repository scanning in 69 ms. Found 0 JPA repository interfaces.
00:37:02.985 [restartedMain] INFO  o.s.d.r.c.RepositoryConfigurationDelegate - Multiple Spring Data modules found, entering strict repository configuration mode
00:37:02.985 [restartedMain] INFO  o.s.d.r.c.RepositoryConfigurationDelegate - Bootstrapping Spring Data MongoDB repositories in DEFAULT mode.
00:37:03.025 [restartedMain] INFO  o.s.d.r.c.RepositoryConfigurationDelegate - Finished Spring Data repository scanning in 39 ms. Found 3 MongoDB repository interfaces.
00:37:04.063 [restartedMain] INFO  o.s.b.w.e.tomcat.TomcatWebServer - Tomcat initialized with port 5001 (http)
00:37:04.086 [restartedMain] INFO  o.a.coyote.http11.Http11NioProtocol - Initializing ProtocolHandler ["http-nio-5001"]
00:37:04.089 [restartedMain] INFO  o.a.catalina.core.StandardService - Starting service [Tomcat]
00:37:04.089 [restartedMain] INFO  o.a.catalina.core.StandardEngine - Starting Servlet engine: [Apache Tomcat/10.1.42]
00:37:04.151 [restartedMain] INFO  o.a.c.c.C.[.[localhost].[/dev] - Initializing Spring embedded WebApplicationContext
00:37:04.152 [restartedMain] INFO  o.s.b.w.s.c.ServletWebServerApplicationContext - Root WebApplicationContext: initialization completed in 2608 ms
00:37:04.434 [restartedMain] INFO  com.zaxxer.hikari.HikariDataSource - HikariPool-1 - Starting...
00:37:04.801 [restartedMain] INFO  com.zaxxer.hikari.pool.HikariPool - HikariPool-1 - Added connection conn0: url=jdbc:h2:mem:348a99e0-3d26-4978-b6e1-3ef4ac962b6d user=SA
00:37:04.804 [restartedMain] INFO  com.zaxxer.hikari.HikariDataSource - HikariPool-1 - Start completed.
00:37:04.893 [restartedMain] INFO  o.h.jpa.internal.util.LogHelper - HHH000204: Processing PersistenceUnitInfo [name: default]
00:37:04.993 [restartedMain] INFO  org.hibernate.Version - HHH000412: Hibernate ORM core version 6.6.18.Final
00:37:05.066 [restartedMain] INFO  o.h.c.i.RegionFactoryInitiator - HHH000026: Second-level cache disabled
00:37:05.536 [restartedMain] INFO  o.s.o.j.p.SpringPersistenceUnitInfo - No LoadTimeWeaver setup: ignoring JPA class transformer
00:37:05.648 [restartedMain] INFO  o.hibernate.orm.connections.pooling - HHH10001005: Database info:
	Database JDBC URL [Connecting through datasource 'HikariDataSource (HikariPool-1)']
	Database driver: undefined/unknown
	Database version: 2.3.232
	Autocommit mode: undefined/unknown
	Isolation level: undefined/unknown
	Minimum pool size: undefined/unknown
	Maximum pool size: undefined/unknown
00:37:06.192 [restartedMain] INFO  o.h.e.t.j.p.i.JtaPlatformInitiator - HHH000489: No JTA platform available (set 'hibernate.transaction.jta.platform' to enable JTA platform integration)
00:37:06.200 [restartedMain] INFO  o.s.o.j.LocalContainerEntityManagerFactoryBean - Initialized JPA EntityManagerFactory for persistence unit 'default'
00:37:06.590 [restartedMain] INFO  org.mongodb.driver.client - MongoClient with metadata {"application": {"name": "Cluster0"}, "driver": {"name": "mongo-java-driver|sync|spring-boot", "version": "5.5.1"}, "os": {"type": "Windows", "name": "Windows 10", "architecture": "amd64", "version": "10.0"}, "platform": "Java/Oracle Corporation/24.0.1+9-30"} created with settings MongoClientSettings{readPreference=primary, writeConcern=WriteConcern{w=majority, wTimeout=null ms, journal=null}, retryWrites=true, retryReads=true, readConcern=ReadConcern{level=null}, credential=MongoCredential{mechanism=null, userName='joelmatthew729', source='admin', password=<hidden>, mechanismProperties=<hidden>}, transportSettings=null, commandListeners=[], codecRegistry=ProvidersCodecRegistry{codecProviders=[ValueCodecProvider{}, BsonValueCodecProvider{}, DBRefCodecProvider{}, DBObjectCodecProvider{}, DocumentCodecProvider{}, CollectionCodecProvider{}, IterableCodecProvider{}, MapCodecProvider{}, GeoJsonCodecProvider{}, GridFSFileCodecProvider{}, Jsr310CodecProvider{}, JsonObjectCodecProvider{}, BsonCodecProvider{}, EnumCodecProvider{}, com.mongodb.client.model.mql.ExpressionCodecProvider@6427d23c, com.mongodb.Jep395RecordCodecProvider@34f45c4d, com.mongodb.KotlinCodecProvider@7b61e1eb]}, loggerSettings=LoggerSettings{maxDocumentLength=1000}, clusterSettings={hosts=[127.0.0.1:27017], srvHost=cluster0.5fhtg4u.mongodb.net, srvServiceName=mongodb, mode=MULTIPLE, requiredClusterType=REPLICA_SET, requiredReplicaSetName='atlas-13xmns-shard-0', serverSelector='null', clusterListeners='[]', serverSelectionTimeout='30000 ms', localThreshold='15 ms'}, socketSettings=SocketSettings{connectTimeoutMS=10000, readTimeoutMS=0, receiveBufferSize=0, proxySettings=ProxySettings{host=null, port=null, username=null, password=null}}, heartbeatSocketSettings=SocketSettings{connectTimeoutMS=10000, readTimeoutMS=10000, receiveBufferSize=0, proxySettings=ProxySettings{host=null, port=null, username=null, password=null}}, connectionPoolSettings=ConnectionPoolSettings{maxSize=100, minSize=0, maxWaitTimeMS=120000, maxConnectionLifeTimeMS=0, maxConnectionIdleTimeMS=0, maintenanceInitialDelayMS=0, maintenanceFrequencyMS=60000, connectionPoolListeners=[], maxConnecting=2}, serverSettings=ServerSettings{heartbeatFrequencyMS=10000, minHeartbeatFrequencyMS=500, serverMonitoringMode=AUTO, serverListeners='[]', serverMonitorListeners='[]'}, sslSettings=SslSettings{enabled=true, invalidHostNameAllowed=false, context=null}, applicationName='Cluster0', compressorList=[], uuidRepresentation=JAVA_LEGACY, serverApi=null, autoEncryptionSettings=null, dnsClient=null, inetAddressResolver=null, contextProvider=null, timeoutMS=null}
00:37:06.709 [cluster-ClusterId{value='685cf8a27ecfffd002ab0d39', description='Cluster0'}-srv-cluster0.5fhtg4u.mongodb.net] INFO  org.mongodb.driver.cluster - Adding discovered server ac-otrun8c-shard-00-02.5fhtg4u.mongodb.net:27017 to client view of cluster
00:37:06.756 [cluster-ClusterId{value='685cf8a27ecfffd002ab0d39', description='Cluster0'}-srv-cluster0.5fhtg4u.mongodb.net] INFO  org.mongodb.driver.cluster - Adding discovered server ac-otrun8c-shard-00-01.5fhtg4u.mongodb.net:27017 to client view of cluster
00:37:06.760 [cluster-ClusterId{value='685cf8a27ecfffd002ab0d39', description='Cluster0'}-srv-cluster0.5fhtg4u.mongodb.net] INFO  org.mongodb.driver.cluster - Adding discovered server ac-otrun8c-shard-00-00.5fhtg4u.mongodb.net:27017 to client view of cluster
00:37:06.894 [restartedMain] INFO  o.s.b.d.a.OptionalLiveReloadServer - LiveReload server is running on port 35729
00:37:07.072 [restartedMain] INFO  org.mongodb.driver.cluster - Waiting for server to become available for operation with ID 5. Remaining time: 29986 ms. Selector: WritableServerSelector, topology description: {type=REPLICA_SET, servers=[{address=ac-otrun8c-shard-00-02.5fhtg4u.mongodb.net:27017, type=UNKNOWN, state=CONNECTING}, {address=ac-otrun8c-shard-00-00.5fhtg4u.mongodb.net:27017, type=UNKNOWN, state=CONNECTING}, {address=ac-otrun8c-shard-00-01.5fhtg4u.mongodb.net:27017, type=UNKNOWN, state=CONNECTING}].
00:37:07.857 [cluster-ClusterId{value='685cf8a27ecfffd002ab0d39', description='Cluster0'}-ac-otrun8c-shard-00-00.5fhtg4u.mongodb.net:27017] INFO  org.mongodb.driver.cluster - Monitor thread successfully connected to server with description ServerDescription{address=ac-otrun8c-shard-00-00.5fhtg4u.mongodb.net:27017, type=REPLICA_SET_SECONDARY, cryptd=false, state=CONNECTED, ok=true, minWireVersion=0, maxWireVersion=25, maxDocumentSize=16777216, logicalSessionTimeoutMinutes=30, roundTripTimeNanos=427780900, minRoundTripTimeNanos=0, setName='atlas-13xmns-shard-0', canonicalAddress=ac-otrun8c-shard-00-00.5fhtg4u.mongodb.net:27017, hosts=[ac-otrun8c-shard-00-00.5fhtg4u.mongodb.net:27017, ac-otrun8c-shard-00-01.5fhtg4u.mongodb.net:27017, ac-otrun8c-shard-00-02.5fhtg4u.mongodb.net:27017], passives=[], arbiters=[], primary='ac-otrun8c-shard-00-01.5fhtg4u.mongodb.net:27017', tagSet=TagSet{[Tag{name='availabilityZone', value='aps1-az1'}, Tag{name='diskState', value='READY'}, Tag{name='nodeType', value='ELECTABLE'}, Tag{name='provider', value='AWS'}, Tag{name='region', value='AP_SOUTH_1'}, Tag{name='workloadType', value='OPERATIONAL'}]}, electionId=null, setVersion=319, topologyVersion=TopologyVersion{processId=6853a6964d53d98859499a77, counter=5}, lastWriteDate=Thu Jun 26 00:37:07 PDT 2025, lastUpdateTimeNanos=154674898920400}
00:37:07.857 [cluster-ClusterId{value='685cf8a27ecfffd002ab0d39', description='Cluster0'}-ac-otrun8c-shard-00-01.5fhtg4u.mongodb.net:27017] INFO  org.mongodb.driver.cluster - Monitor thread successfully connected to server with description ServerDescription{address=ac-otrun8c-shard-00-01.5fhtg4u.mongodb.net:27017, type=REPLICA_SET_PRIMARY, cryptd=false, state=CONNECTED, ok=true, minWireVersion=0, maxWireVersion=25, maxDocumentSize=16777216, logicalSessionTimeoutMinutes=30, roundTripTimeNanos=427700900, minRoundTripTimeNanos=0, setName='atlas-13xmns-shard-0', canonicalAddress=ac-otrun8c-shard-00-01.5fhtg4u.mongodb.net:27017, hosts=[ac-otrun8c-shard-00-00.5fhtg4u.mongodb.net:27017, ac-otrun8c-shard-00-01.5fhtg4u.mongodb.net:27017, ac-otrun8c-shard-00-02.5fhtg4u.mongodb.net:27017], passives=[], arbiters=[], primary='ac-otrun8c-shard-00-01.5fhtg4u.mongodb.net:27017', tagSet=TagSet{[Tag{name='availabilityZone', value='aps1-az3'}, Tag{name='diskState', value='READY'}, Tag{name='nodeType', value='ELECTABLE'}, Tag{name='provider', value='AWS'}, Tag{name='region', value='AP_SOUTH_1'}, Tag{name='workloadType', value='OPERATIONAL'}]}, electionId=7fffffff000000000000010d, setVersion=319, topologyVersion=TopologyVersion{processId=68539d4c523f9525edce98c0, counter=9}, lastWriteDate=Thu Jun 26 00:37:07 PDT 2025, lastUpdateTimeNanos=154674898841800}
00:37:07.862 [cluster-ClusterId{value='685cf8a27ecfffd002ab0d39', description='Cluster0'}-ac-otrun8c-shard-00-01.5fhtg4u.mongodb.net:27017] INFO  org.mongodb.driver.cluster - Discovered replica set primary ac-otrun8c-shard-00-01.5fhtg4u.mongodb.net:27017 with max election id 7fffffff000000000000010d and max set version 319
00:37:08.127 [cluster-ClusterId{value='685cf8a27ecfffd002ab0d39', description='Cluster0'}-ac-otrun8c-shard-00-02.5fhtg4u.mongodb.net:27017] INFO  org.mongodb.driver.cluster - Monitor thread successfully connected to server with description ServerDescription{address=ac-otrun8c-shard-00-02.5fhtg4u.mongodb.net:27017, type=REPLICA_SET_SECONDARY, cryptd=false, state=CONNECTED, ok=true, minWireVersion=0, maxWireVersion=25, maxDocumentSize=16777216, logicalSessionTimeoutMinutes=30, roundTripTimeNanos=697352400, minRoundTripTimeNanos=0, setName='atlas-13xmns-shard-0', canonicalAddress=ac-otrun8c-shard-00-02.5fhtg4u.mongodb.net:27017, hosts=[ac-otrun8c-shard-00-00.5fhtg4u.mongodb.net:27017, ac-otrun8c-shard-00-01.5fhtg4u.mongodb.net:27017, ac-otrun8c-shard-00-02.5fhtg4u.mongodb.net:27017], passives=[], arbiters=[], primary='ac-otrun8c-shard-00-01.5fhtg4u.mongodb.net:27017', tagSet=TagSet{[Tag{name='availabilityZone', value='aps1-az2'}, Tag{name='diskState', value='READY'}, Tag{name='nodeType', value='ELECTABLE'}, Tag{name='provider', value='AWS'}, Tag{name='region', value='AP_SOUTH_1'}, Tag{name='workloadType', value='OPERATIONAL'}]}, electionId=null, setVersion=319, topologyVersion=TopologyVersion{processId=6853a842f9bf2faac033e331, counter=5}, lastWriteDate=Thu Jun 26 00:37:07 PDT 2025, lastUpdateTimeNanos=154675171846800}
00:37:08.840 [restartedMain] WARN  o.s.b.a.o.j.JpaBaseConfiguration$JpaWebConfiguration - spring.jpa.open-in-view is enabled by default. Therefore, database queries may be performed during view rendering. Explicitly configure spring.jpa.open-in-view to disable this warning
00:37:09.116 [restartedMain] INFO  o.s.s.c.a.a.c.InitializeUserDetailsBeanManagerConfigurer$InitializeUserDetailsManagerConfigurer - Global AuthenticationManager configured with UserDetailsService bean with name userDetailsServiceImpl
00:37:09.509 [restartedMain] INFO  o.s.b.a.h.H2ConsoleAutoConfiguration - H2 console available at '/h2-console'. Database available at 'jdbc:h2:mem:348a99e0-3d26-4978-b6e1-3ef4ac962b6d'
00:37:09.600 [restartedMain] INFO  o.a.coyote.http11.Http11NioProtocol - Starting ProtocolHandler ["http-nio-5001"]
00:37:09.616 [restartedMain] INFO  o.s.b.w.e.tomcat.TomcatWebServer - Tomcat started on port 5001 (http) with context path '/dev'
00:37:09.627 [restartedMain] INFO  c.e.j.JournalprojectApplication - Started JournalprojectApplication in 8.75 seconds (process running for 10.012)
00:37:43.938 [http-nio-5001-exec-2] INFO  o.a.c.c.C.[.[localhost].[/dev] - Initializing Spring DispatcherServlet 'dispatcherServlet'
00:37:43.938 [http-nio-5001-exec-2] INFO  o.s.web.servlet.DispatcherServlet - Initializing Servlet 'dispatcherServlet'
00:37:43.942 [http-nio-5001-exec-2] INFO  o.s.web.servlet.DispatcherServlet - Completed initialization in 3 ms
00:37:54.119 [http-nio-5001-exec-3] ERROR c.e.j.service.UserDetailsServiceImpl - User not found with username !
00:52:14.568 [SpringApplicationShutdownHook] INFO  o.s.b.w.e.tomcat.GracefulShutdown - Commencing graceful shutdown. Waiting for active requests to complete
00:52:14.583 [tomcat-shutdown] INFO  o.s.b.w.e.tomcat.GracefulShutdown - Graceful shutdown complete
00:52:14.645 [SpringApplicationShutdownHook] INFO  o.s.o.j.LocalContainerEntityManagerFactoryBean - Closing JPA EntityManagerFactory for persistence unit 'default'
00:52:14.663 [SpringApplicationShutdownHook] WARN  o.s.b.f.s.DisposableBeanAdapter - Invocation of destroy method failed on bean with name 'inMemoryDatabaseShutdownExecutor': org.h2.jdbc.JdbcSQLNonTransientConnectionException: Database is already closed (to disable automatic closing at VM shutdown, add ";DB_CLOSE_ON_EXIT=FALSE" to the db URL) [90121-232]
00:52:14.663 [SpringApplicationShutdownHook] INFO  com.zaxxer.hikari.HikariDataSource - HikariPool-1 - Shutdown initiated...
00:52:14.667 [SpringApplicationShutdownHook] INFO  com.zaxxer.hikari.HikariDataSource - HikariPool-1 - Shutdown completed.
00:52:32.845 [restartedMain] INFO  c.e.j.JournalprojectApplication - Starting JournalprojectApplication using Java 24.0.1 with PID 14232 (C:\Users\PC\Desktop\JAVA-DEVELOPMENT\15_JournalProject\target\classes started by PC in C:\Users\PC\Desktop\JAVA-DEVELOPMENT\15_JournalProject)
00:52:32.848 [restartedMain] INFO  c.e.j.JournalprojectApplication - The following 1 profile is active: "dev"
00:52:32.925 [restartedMain] INFO  o.s.b.d.e.DevToolsPropertyDefaultsPostProcessor - Devtools property defaults active! Set 'spring.devtools.add-properties' to 'false' to disable
00:52:32.925 [restartedMain] INFO  o.s.b.d.e.DevToolsPropertyDefaultsPostProcessor - For additional web related logging consider setting the 'logging.level.web' property to 'DEBUG'
00:52:34.119 [restartedMain] INFO  o.s.d.r.c.RepositoryConfigurationDelegate - Multiple Spring Data modules found, entering strict repository configuration mode
00:52:34.120 [restartedMain] INFO  o.s.d.r.c.RepositoryConfigurationDelegate - Bootstrapping Spring Data JPA repositories in DEFAULT mode.
00:52:34.172 [restartedMain] INFO  o.s.d.r.c.RepositoryConfigurationExtensionSupport - Spring Data JPA - Could not safely identify store assignment for repository candidate interface com.example.journalproject.repository.ConfigJournalAppRepository; If you want this repository to be a JPA repository, consider annotating your entities with one of these annotations: jakarta.persistence.Entity, jakarta.persistence.MappedSuperclass (preferred), or consider extending one of the following types with your repository: org.springframework.data.jpa.repository.JpaRepository
00:52:34.174 [restartedMain] INFO  o.s.d.r.c.RepositoryConfigurationExtensionSupport - Spring Data JPA - Could not safely identify store assignment for repository candidate interface com.example.journalproject.repository.JournalEntryRepository; If you want this repository to be a JPA repository, consider annotating your entities with one of these annotations: jakarta.persistence.Entity, jakarta.persistence.MappedSuperclass (preferred), or consider extending one of the following types with your repository: org.springframework.data.jpa.repository.JpaRepository
00:52:34.176 [restartedMain] INFO  o.s.d.r.c.RepositoryConfigurationExtensionSupport - Spring Data JPA - Could not safely identify store assignment for repository candidate interface com.example.journalproject.repository.UserEntryRepository; If you want this repository to be a JPA repository, consider annotating your entities with one of these annotations: jakarta.persistence.Entity, jakarta.persistence.MappedSuperclass (preferred), or consider extending one of the following types with your repository: org.springframework.data.jpa.repository.JpaRepository
00:52:34.177 [restartedMain] INFO  o.s.d.r.c.RepositoryConfigurationDelegate - Finished Spring Data repository scanning in 44 ms. Found 0 JPA repository interfaces.
00:52:34.215 [restartedMain] INFO  o.s.d.r.c.RepositoryConfigurationDelegate - Multiple Spring Data modules found, entering strict repository configuration mode
00:52:34.215 [restartedMain] INFO  o.s.d.r.c.RepositoryConfigurationDelegate - Bootstrapping Spring Data MongoDB repositories in DEFAULT mode.
00:52:34.251 [restartedMain] INFO  o.s.d.r.c.RepositoryConfigurationDelegate - Finished Spring Data repository scanning in 34 ms. Found 3 MongoDB repository interfaces.
00:52:35.112 [restartedMain] INFO  o.s.b.w.e.tomcat.TomcatWebServer - Tomcat initialized with port 5001 (http)
00:52:35.129 [restartedMain] INFO  o.a.coyote.http11.Http11NioProtocol - Initializing ProtocolHandler ["http-nio-5001"]
00:52:35.132 [restartedMain] INFO  o.a.catalina.core.StandardService - Starting service [Tomcat]
00:52:35.132 [restartedMain] INFO  o.a.catalina.core.StandardEngine - Starting Servlet engine: [Apache Tomcat/10.1.42]
00:52:35.182 [restartedMain] INFO  o.a.c.c.C.[.[localhost].[/dev] - Initializing Spring embedded WebApplicationContext
00:52:35.183 [restartedMain] INFO  o.s.b.w.s.c.ServletWebServerApplicationContext - Root WebApplicationContext: initialization completed in 2258 ms
00:52:35.424 [restartedMain] INFO  com.zaxxer.hikari.HikariDataSource - HikariPool-1 - Starting...
00:52:35.703 [restartedMain] INFO  com.zaxxer.hikari.pool.HikariPool - HikariPool-1 - Added connection conn0: url=jdbc:h2:mem:4e2fb325-dbe8-4c32-8c07-0148a0bf6bbb user=SA
00:52:35.705 [restartedMain] INFO  com.zaxxer.hikari.HikariDataSource - HikariPool-1 - Start completed.
00:52:35.770 [restartedMain] INFO  o.h.jpa.internal.util.LogHelper - HHH000204: Processing PersistenceUnitInfo [name: default]
00:52:35.842 [restartedMain] INFO  org.hibernate.Version - HHH000412: Hibernate ORM core version 6.6.18.Final
00:52:35.890 [restartedMain] INFO  o.h.c.i.RegionFactoryInitiator - HHH000026: Second-level cache disabled
00:52:36.284 [restartedMain] INFO  o.s.o.j.p.SpringPersistenceUnitInfo - No LoadTimeWeaver setup: ignoring JPA class transformer
00:52:36.376 [restartedMain] INFO  o.hibernate.orm.connections.pooling - HHH10001005: Database info:
	Database JDBC URL [Connecting through datasource 'HikariDataSource (HikariPool-1)']
	Database driver: undefined/unknown
	Database version: 2.3.232
	Autocommit mode: undefined/unknown
	Isolation level: undefined/unknown
	Minimum pool size: undefined/unknown
	Maximum pool size: undefined/unknown
00:52:36.774 [restartedMain] INFO  o.h.e.t.j.p.i.JtaPlatformInitiator - HHH000489: No JTA platform available (set 'hibernate.transaction.jta.platform' to enable JTA platform integration)
00:52:36.779 [restartedMain] INFO  o.s.o.j.LocalContainerEntityManagerFactoryBean - Initialized JPA EntityManagerFactory for persistence unit 'default'
00:52:37.054 [cluster-ClusterId{value='685cfc44965aff5327798405', description='Cluster0'}-srv-cluster0.5fhtg4u.mongodb.net] INFO  org.mongodb.driver.cluster - Adding discovered server ac-otrun8c-shard-00-02.5fhtg4u.mongodb.net:27017 to client view of cluster
00:52:37.058 [restartedMain] INFO  org.mongodb.driver.client - MongoClient with metadata {"application": {"name": "Cluster0"}, "driver": {"name": "mongo-java-driver|sync|spring-boot", "version": "5.5.1"}, "os": {"type": "Windows", "name": "Windows 10", "architecture": "amd64", "version": "10.0"}, "platform": "Java/Oracle Corporation/24.0.1+9-30"} created with settings MongoClientSettings{readPreference=primary, writeConcern=WriteConcern{w=majority, wTimeout=null ms, journal=null}, retryWrites=true, retryReads=true, readConcern=ReadConcern{level=null}, credential=MongoCredential{mechanism=null, userName='joelmatthew729', source='admin', password=<hidden>, mechanismProperties=<hidden>}, transportSettings=null, commandListeners=[], codecRegistry=ProvidersCodecRegistry{codecProviders=[ValueCodecProvider{}, BsonValueCodecProvider{}, DBRefCodecProvider{}, DBObjectCodecProvider{}, DocumentCodecProvider{}, CollectionCodecProvider{}, IterableCodecProvider{}, MapCodecProvider{}, GeoJsonCodecProvider{}, GridFSFileCodecProvider{}, Jsr310CodecProvider{}, JsonObjectCodecProvider{}, BsonCodecProvider{}, EnumCodecProvider{}, com.mongodb.client.model.mql.ExpressionCodecProvider@5bd0b4f3, com.mongodb.Jep395RecordCodecProvider@2f4d7b1c, com.mongodb.KotlinCodecProvider@29e2c9f4]}, loggerSettings=LoggerSettings{maxDocumentLength=1000}, clusterSettings={hosts=[127.0.0.1:27017], srvHost=cluster0.5fhtg4u.mongodb.net, srvServiceName=mongodb, mode=MULTIPLE, requiredClusterType=REPLICA_SET, requiredReplicaSetName='atlas-13xmns-shard-0', serverSelector='null', clusterListeners='[]', serverSelectionTimeout='30000 ms', localThreshold='15 ms'}, socketSettings=SocketSettings{connectTimeoutMS=10000, readTimeoutMS=0, receiveBufferSize=0, proxySettings=ProxySettings{host=null, port=null, username=null, password=null}}, heartbeatSocketSettings=SocketSettings{connectTimeoutMS=10000, readTimeoutMS=10000, receiveBufferSize=0, proxySettings=ProxySettings{host=null, port=null, username=null, password=null}}, connectionPoolSettings=ConnectionPoolSettings{maxSize=100, minSize=0, maxWaitTimeMS=120000, maxConnectionLifeTimeMS=0, maxConnectionIdleTimeMS=0, maintenanceInitialDelayMS=0, maintenanceFrequencyMS=60000, connectionPoolListeners=[], maxConnecting=2}, serverSettings=ServerSettings{heartbeatFrequencyMS=10000, minHeartbeatFrequencyMS=500, serverMonitoringMode=AUTO, serverListeners='[]', serverMonitorListeners='[]'}, sslSettings=SslSettings{enabled=true, invalidHostNameAllowed=false, context=null}, applicationName='Cluster0', compressorList=[], uuidRepresentation=JAVA_LEGACY, serverApi=null, autoEncryptionSettings=null, dnsClient=null, inetAddressResolver=null, contextProvider=null, timeoutMS=null}
00:52:37.086 [cluster-ClusterId{value='685cfc44965aff5327798405', description='Cluster0'}-srv-cluster0.5fhtg4u.mongodb.net] INFO  org.mongodb.driver.cluster - Adding discovered server ac-otrun8c-shard-00-01.5fhtg4u.mongodb.net:27017 to client view of cluster
00:52:37.089 [cluster-ClusterId{value='685cfc44965aff5327798405', description='Cluster0'}-srv-cluster0.5fhtg4u.mongodb.net] INFO  org.mongodb.driver.cluster - Adding discovered server ac-otrun8c-shard-00-00.5fhtg4u.mongodb.net:27017 to client view of cluster
00:52:37.312 [restartedMain] INFO  o.s.b.d.a.OptionalLiveReloadServer - LiveReload server is running on port 35729
00:52:37.509 [restartedMain] INFO  org.mongodb.driver.cluster - Waiting for server to become available for operation with ID 5. Remaining time: 29990 ms. Selector: WritableServerSelector, topology description: {type=REPLICA_SET, servers=[{address=ac-otrun8c-shard-00-02.5fhtg4u.mongodb.net:27017, type=UNKNOWN, state=CONNECTING}, {address=ac-otrun8c-shard-00-00.5fhtg4u.mongodb.net:27017, type=UNKNOWN, state=CONNECTING}, {address=ac-otrun8c-shard-00-01.5fhtg4u.mongodb.net:27017, type=UNKNOWN, state=CONNECTING}].
00:52:37.884 [cluster-ClusterId{value='685cfc44965aff5327798405', description='Cluster0'}-ac-otrun8c-shard-00-01.5fhtg4u.mongodb.net:27017] INFO  org.mongodb.driver.cluster - Monitor thread successfully connected to server with description ServerDescription{address=ac-otrun8c-shard-00-01.5fhtg4u.mongodb.net:27017, type=REPLICA_SET_PRIMARY, cryptd=false, state=CONNECTED, ok=true, minWireVersion=0, maxWireVersion=25, maxDocumentSize=16777216, logicalSessionTimeoutMinutes=30, roundTripTimeNanos=461481600, minRoundTripTimeNanos=0, setName='atlas-13xmns-shard-0', canonicalAddress=ac-otrun8c-shard-00-01.5fhtg4u.mongodb.net:27017, hosts=[ac-otrun8c-shard-00-00.5fhtg4u.mongodb.net:27017, ac-otrun8c-shard-00-01.5fhtg4u.mongodb.net:27017, ac-otrun8c-shard-00-02.5fhtg4u.mongodb.net:27017], passives=[], arbiters=[], primary='ac-otrun8c-shard-00-01.5fhtg4u.mongodb.net:27017', tagSet=TagSet{[Tag{name='availabilityZone', value='aps1-az3'}, Tag{name='diskState', value='READY'}, Tag{name='nodeType', value='ELECTABLE'}, Tag{name='provider', value='AWS'}, Tag{name='region', value='AP_SOUTH_1'}, Tag{name='workloadType', value='OPERATIONAL'}]}, electionId=7fffffff000000000000010d, setVersion=319, topologyVersion=TopologyVersion{processId=68539d4c523f9525edce98c0, counter=9}, lastWriteDate=Thu Jun 26 00:52:37 PDT 2025, lastUpdateTimeNanos=155604916325000}
00:52:37.884 [cluster-ClusterId{value='685cfc44965aff5327798405', description='Cluster0'}-ac-otrun8c-shard-00-00.5fhtg4u.mongodb.net:27017] INFO  org.mongodb.driver.cluster - Monitor thread successfully connected to server with description ServerDescription{address=ac-otrun8c-shard-00-00.5fhtg4u.mongodb.net:27017, type=REPLICA_SET_SECONDARY, cryptd=false, state=CONNECTED, ok=true, minWireVersion=0, maxWireVersion=25, maxDocumentSize=16777216, logicalSessionTimeoutMinutes=30, roundTripTimeNanos=496045500, minRoundTripTimeNanos=0, setName='atlas-13xmns-shard-0', canonicalAddress=ac-otrun8c-shard-00-00.5fhtg4u.mongodb.net:27017, hosts=[ac-otrun8c-shard-00-00.5fhtg4u.mongodb.net:27017, ac-otrun8c-shard-00-01.5fhtg4u.mongodb.net:27017, ac-otrun8c-shard-00-02.5fhtg4u.mongodb.net:27017], passives=[], arbiters=[], primary='ac-otrun8c-shard-00-01.5fhtg4u.mongodb.net:27017', tagSet=TagSet{[Tag{name='availabilityZone', value='aps1-az1'}, Tag{name='diskState', value='READY'}, Tag{name='nodeType', value='ELECTABLE'}, Tag{name='provider', value='AWS'}, Tag{name='region', value='AP_SOUTH_1'}, Tag{name='workloadType', value='OPERATIONAL'}]}, electionId=null, setVersion=319, topologyVersion=TopologyVersion{processId=6853a6964d53d98859499a77, counter=5}, lastWriteDate=Thu Jun 26 00:52:37 PDT 2025, lastUpdateTimeNanos=155604916324800}
00:52:37.902 [cluster-ClusterId{value='685cfc44965aff5327798405', description='Cluster0'}-ac-otrun8c-shard-00-01.5fhtg4u.mongodb.net:27017] INFO  org.mongodb.driver.cluster - Discovered replica set primary ac-otrun8c-shard-00-01.5fhtg4u.mongodb.net:27017 with max election id 7fffffff000000000000010d and max set version 319
00:52:38.046 [cluster-ClusterId{value='685cfc44965aff5327798405', description='Cluster0'}-ac-otrun8c-shard-00-02.5fhtg4u.mongodb.net:27017] INFO  org.mongodb.driver.cluster - Monitor thread successfully connected to server with description ServerDescription{address=ac-otrun8c-shard-00-02.5fhtg4u.mongodb.net:27017, type=REPLICA_SET_SECONDARY, cryptd=false, state=CONNECTED, ok=true, minWireVersion=0, maxWireVersion=25, maxDocumentSize=16777216, logicalSessionTimeoutMinutes=30, roundTripTimeNanos=636533000, minRoundTripTimeNanos=0, setName='atlas-13xmns-shard-0', canonicalAddress=ac-otrun8c-shard-00-02.5fhtg4u.mongodb.net:27017, hosts=[ac-otrun8c-shard-00-00.5fhtg4u.mongodb.net:27017, ac-otrun8c-shard-00-01.5fhtg4u.mongodb.net:27017, ac-otrun8c-shard-00-02.5fhtg4u.mongodb.net:27017], passives=[], arbiters=[], primary='ac-otrun8c-shard-00-01.5fhtg4u.mongodb.net:27017', tagSet=TagSet{[Tag{name='availabilityZone', value='aps1-az2'}, Tag{name='diskState', value='READY'}, Tag{name='nodeType', value='ELECTABLE'}, Tag{name='provider', value='AWS'}, Tag{name='region', value='AP_SOUTH_1'}, Tag{name='workloadType', value='OPERATIONAL'}]}, electionId=null, setVersion=319, topologyVersion=TopologyVersion{processId=6853a842f9bf2faac033e331, counter=5}, lastWriteDate=Thu Jun 26 00:52:38 PDT 2025, lastUpdateTimeNanos=155605091402600}
00:52:39.176 [restartedMain] WARN  o.s.b.a.o.j.JpaBaseConfiguration$JpaWebConfiguration - spring.jpa.open-in-view is enabled by default. Therefore, database queries may be performed during view rendering. Explicitly configure spring.jpa.open-in-view to disable this warning
00:52:39.473 [restartedMain] INFO  o.s.s.c.a.a.c.InitializeUserDetailsBeanManagerConfigurer$InitializeUserDetailsManagerConfigurer - Global AuthenticationManager configured with UserDetailsService bean with name userDetailsServiceImpl
00:52:39.855 [restartedMain] INFO  o.s.b.a.h.H2ConsoleAutoConfiguration - H2 console available at '/h2-console'. Database available at 'jdbc:h2:mem:4e2fb325-dbe8-4c32-8c07-0148a0bf6bbb'
00:52:39.950 [restartedMain] INFO  o.a.coyote.http11.Http11NioProtocol - Starting ProtocolHandler ["http-nio-5001"]
00:52:39.965 [restartedMain] INFO  o.s.b.w.e.tomcat.TomcatWebServer - Tomcat started on port 5001 (http) with context path '/dev'
00:52:39.974 [restartedMain] INFO  c.e.j.JournalprojectApplication - Started JournalprojectApplication in 7.722 seconds (process running for 8.624)
00:52:49.064 [http-nio-5001-exec-2] INFO  o.a.c.c.C.[.[localhost].[/dev] - Initializing Spring DispatcherServlet 'dispatcherServlet'
00:52:49.064 [http-nio-5001-exec-2] INFO  o.s.web.servlet.DispatcherServlet - Initializing Servlet 'dispatcherServlet'
00:52:49.065 [http-nio-5001-exec-2] INFO  o.s.web.servlet.DispatcherServlet - Completed initialization in 1 ms
00:52:49.467 [http-nio-5001-exec-2] ERROR c.e.j.service.UserEntryService - ERROR : DUPLICATE ENTRY ! Write operation error on server ac-otrun8c-shard-00-01.5fhtg4u.mongodb.net:27017. Write error: WriteError{code=11000, message='E11000 duplicate key error collection: Journal.users index: username dup key: { username: "Joel" }', details={}}.
00:54:11.157 [http-nio-5001-exec-7] ERROR c.e.j.service.UserDetailsServiceImpl - User not found with username !
00:54:16.823 [http-nio-5001-exec-8] ERROR c.e.j.service.UserDetailsServiceImpl - User not found with username !
02:01:07.718 [HikariPool-1:housekeeper] WARN  com.zaxxer.hikari.pool.HikariPool - HikariPool-1 - Thread starvation or clock leap detected (housekeeper delta=30m31s842ms287µs800ns).
02:01:24.066 [cluster-ClusterId{value='685cfc44965aff5327798405', description='Cluster0'}-ac-otrun8c-shard-00-02.5fhtg4u.mongodb.net:27017] INFO  org.mongodb.driver.cluster - Exception in monitor thread while connecting to server ac-otrun8c-shard-00-02.5fhtg4u.mongodb.net:27017
com.mongodb.MongoSocketReadTimeoutException: Timeout while receiving message
	at com.mongodb.internal.connection.InternalStreamConnection.createReadTimeoutException(InternalStreamConnection.java:819)
	at com.mongodb.internal.connection.InternalStreamConnection.translateReadException(InternalStreamConnection.java:807)
	at com.mongodb.internal.connection.InternalStreamConnection.receiveResponseBuffers(InternalStreamConnection.java:857)
	at com.mongodb.internal.connection.InternalStreamConnection.receiveCommandMessageResponse(InternalStreamConnection.java:517)
	at com.mongodb.internal.connection.InternalStreamConnection.receive(InternalStreamConnection.java:469)
	at com.mongodb.internal.connection.DefaultServerMonitor$ServerMonitor.lookupServerDescription(DefaultServerMonitor.java:249)
	at com.mongodb.internal.connection.DefaultServerMonitor$ServerMonitor.run(DefaultServerMonitor.java:176)
Caused by: java.net.SocketTimeoutException: Read timed out
	at java.base/sun.nio.ch.NioSocketImpl.timedRead(NioSocketImpl.java:277)
	at java.base/sun.nio.ch.NioSocketImpl.implRead(NioSocketImpl.java:303)
	at java.base/sun.nio.ch.NioSocketImpl.read(NioSocketImpl.java:345)
	at java.base/sun.nio.ch.NioSocketImpl$1.read(NioSocketImpl.java:790)
	at java.base/java.net.Socket$SocketInputStream.implRead(Socket.java:983)
	at java.base/java.net.Socket$SocketInputStream.read(Socket.java:970)
	at java.base/sun.security.ssl.SSLSocketInputRecord.read(SSLSocketInputRecord.java:489)
	at java.base/sun.security.ssl.SSLSocketInputRecord.readHeader(SSLSocketInputRecord.java:483)
	at java.base/sun.security.ssl.SSLSocketInputRecord.bytesInCompletePacket(SSLSocketInputRecord.java:70)
	at java.base/sun.security.ssl.SSLSocketImpl.readApplicationRecord(SSLSocketImpl.java:1461)
	at java.base/sun.security.ssl.SSLSocketImpl$AppInputStream.read(SSLSocketImpl.java:1068)
	at com.mongodb.internal.connection.SocketStream.read(SocketStream.java:182)
	at com.mongodb.internal.connection.InternalStreamConnection.receiveResponseBuffers(InternalStreamConnection.java:824)
	... 4 common frames omitted
02:01:24.066 [cluster-ClusterId{value='685cfc44965aff5327798405', description='Cluster0'}-ac-otrun8c-shard-00-00.5fhtg4u.mongodb.net:27017] INFO  org.mongodb.driver.cluster - Exception in monitor thread while connecting to server ac-otrun8c-shard-00-00.5fhtg4u.mongodb.net:27017
com.mongodb.MongoSocketReadTimeoutException: Timeout while receiving message
	at com.mongodb.internal.connection.InternalStreamConnection.createReadTimeoutException(InternalStreamConnection.java:819)
	at com.mongodb.internal.connection.InternalStreamConnection.translateReadException(InternalStreamConnection.java:807)
	at com.mongodb.internal.connection.InternalStreamConnection.receiveResponseBuffers(InternalStreamConnection.java:857)
	at com.mongodb.internal.connection.InternalStreamConnection.receiveCommandMessageResponse(InternalStreamConnection.java:517)
	at com.mongodb.internal.connection.InternalStreamConnection.receive(InternalStreamConnection.java:469)
	at com.mongodb.internal.connection.DefaultServerMonitor$ServerMonitor.lookupServerDescription(DefaultServerMonitor.java:249)
	at com.mongodb.internal.connection.DefaultServerMonitor$ServerMonitor.run(DefaultServerMonitor.java:176)
Caused by: java.net.SocketTimeoutException: Read timed out
	at java.base/sun.nio.ch.NioSocketImpl.timedRead(NioSocketImpl.java:277)
	at java.base/sun.nio.ch.NioSocketImpl.implRead(NioSocketImpl.java:303)
	at java.base/sun.nio.ch.NioSocketImpl.read(NioSocketImpl.java:345)
	at java.base/sun.nio.ch.NioSocketImpl$1.read(NioSocketImpl.java:790)
	at java.base/java.net.Socket$SocketInputStream.implRead(Socket.java:983)
	at java.base/java.net.Socket$SocketInputStream.read(Socket.java:970)
	at java.base/sun.security.ssl.SSLSocketInputRecord.read(SSLSocketInputRecord.java:489)
	at java.base/sun.security.ssl.SSLSocketInputRecord.readHeader(SSLSocketInputRecord.java:483)
	at java.base/sun.security.ssl.SSLSocketInputRecord.bytesInCompletePacket(SSLSocketInputRecord.java:70)
	at java.base/sun.security.ssl.SSLSocketImpl.readApplicationRecord(SSLSocketImpl.java:1461)
	at java.base/sun.security.ssl.SSLSocketImpl$AppInputStream.read(SSLSocketImpl.java:1068)
	at com.mongodb.internal.connection.SocketStream.read(SocketStream.java:182)
	at com.mongodb.internal.connection.InternalStreamConnection.receiveResponseBuffers(InternalStreamConnection.java:824)
	... 4 common frames omitted
02:01:24.066 [cluster-ClusterId{value='685cfc44965aff5327798405', description='Cluster0'}-ac-otrun8c-shard-00-01.5fhtg4u.mongodb.net:27017] INFO  org.mongodb.driver.cluster - Exception in monitor thread while connecting to server ac-otrun8c-shard-00-01.5fhtg4u.mongodb.net:27017
com.mongodb.MongoSocketReadTimeoutException: Timeout while receiving message
	at com.mongodb.internal.connection.InternalStreamConnection.createReadTimeoutException(InternalStreamConnection.java:819)
	at com.mongodb.internal.connection.InternalStreamConnection.translateReadException(InternalStreamConnection.java:807)
	at com.mongodb.internal.connection.InternalStreamConnection.receiveResponseBuffers(InternalStreamConnection.java:857)
	at com.mongodb.internal.connection.InternalStreamConnection.receiveCommandMessageResponse(InternalStreamConnection.java:517)
	at com.mongodb.internal.connection.InternalStreamConnection.receive(InternalStreamConnection.java:469)
	at com.mongodb.internal.connection.DefaultServerMonitor$ServerMonitor.lookupServerDescription(DefaultServerMonitor.java:249)
	at com.mongodb.internal.connection.DefaultServerMonitor$ServerMonitor.run(DefaultServerMonitor.java:176)
Caused by: java.net.SocketTimeoutException: Read timed out
	at java.base/sun.nio.ch.NioSocketImpl.timedRead(NioSocketImpl.java:277)
	at java.base/sun.nio.ch.NioSocketImpl.implRead(NioSocketImpl.java:303)
	at java.base/sun.nio.ch.NioSocketImpl.read(NioSocketImpl.java:345)
	at java.base/sun.nio.ch.NioSocketImpl$1.read(NioSocketImpl.java:790)
	at java.base/java.net.Socket$SocketInputStream.implRead(Socket.java:983)
	at java.base/java.net.Socket$SocketInputStream.read(Socket.java:970)
	at java.base/sun.security.ssl.SSLSocketInputRecord.read(SSLSocketInputRecord.java:489)
	at java.base/sun.security.ssl.SSLSocketInputRecord.readHeader(SSLSocketInputRecord.java:483)
	at java.base/sun.security.ssl.SSLSocketInputRecord.bytesInCompletePacket(SSLSocketInputRecord.java:70)
	at java.base/sun.security.ssl.SSLSocketImpl.readApplicationRecord(SSLSocketImpl.java:1461)
	at java.base/sun.security.ssl.SSLSocketImpl$AppInputStream.read(SSLSocketImpl.java:1068)
	at com.mongodb.internal.connection.SocketStream.read(SocketStream.java:182)
	at com.mongodb.internal.connection.InternalStreamConnection.receiveResponseBuffers(InternalStreamConnection.java:824)
	... 4 common frames omitted
02:01:24.308 [cluster-ClusterId{value='685cfc44965aff5327798405', description='Cluster0'}-ac-otrun8c-shard-00-01.5fhtg4u.mongodb.net:27017] INFO  org.mongodb.driver.cluster - Monitor thread successfully connected to server with description ServerDescription{address=ac-otrun8c-shard-00-01.5fhtg4u.mongodb.net:27017, type=REPLICA_SET_PRIMARY, cryptd=false, state=CONNECTED, ok=true, minWireVersion=0, maxWireVersion=25, maxDocumentSize=16777216, logicalSessionTimeoutMinutes=30, roundTripTimeNanos=126189200, minRoundTripTimeNanos=0, setName='atlas-13xmns-shard-0', canonicalAddress=ac-otrun8c-shard-00-01.5fhtg4u.mongodb.net:27017, hosts=[ac-otrun8c-shard-00-00.5fhtg4u.mongodb.net:27017, ac-otrun8c-shard-00-01.5fhtg4u.mongodb.net:27017, ac-otrun8c-shard-00-02.5fhtg4u.mongodb.net:27017], passives=[], arbiters=[], primary='ac-otrun8c-shard-00-01.5fhtg4u.mongodb.net:27017', tagSet=TagSet{[Tag{name='availabilityZone', value='aps1-az3'}, Tag{name='diskState', value='READY'}, Tag{name='nodeType', value='ELECTABLE'}, Tag{name='provider', value='AWS'}, Tag{name='region', value='AP_SOUTH_1'}, Tag{name='workloadType', value='OPERATIONAL'}]}, electionId=7fffffff000000000000010d, setVersion=319, topologyVersion=TopologyVersion{processId=68539d4c523f9525edce98c0, counter=9}, lastWriteDate=Thu Jun 26 02:01:24 PDT 2025, lastUpdateTimeNanos=159731352924200}
02:01:24.308 [cluster-ClusterId{value='685cfc44965aff5327798405', description='Cluster0'}-ac-otrun8c-shard-00-00.5fhtg4u.mongodb.net:27017] INFO  org.mongodb.driver.cluster - Monitor thread successfully connected to server with description ServerDescription{address=ac-otrun8c-shard-00-00.5fhtg4u.mongodb.net:27017, type=REPLICA_SET_SECONDARY, cryptd=false, state=CONNECTED, ok=true, minWireVersion=0, maxWireVersion=25, maxDocumentSize=16777216, logicalSessionTimeoutMinutes=30, roundTripTimeNanos=130715300, minRoundTripTimeNanos=0, setName='atlas-13xmns-shard-0', canonicalAddress=ac-otrun8c-shard-00-00.5fhtg4u.mongodb.net:27017, hosts=[ac-otrun8c-shard-00-00.5fhtg4u.mongodb.net:27017, ac-otrun8c-shard-00-01.5fhtg4u.mongodb.net:27017, ac-otrun8c-shard-00-02.5fhtg4u.mongodb.net:27017], passives=[], arbiters=[], primary='ac-otrun8c-shard-00-01.5fhtg4u.mongodb.net:27017', tagSet=TagSet{[Tag{name='availabilityZone', value='aps1-az1'}, Tag{name='diskState', value='READY'}, Tag{name='nodeType', value='ELECTABLE'}, Tag{name='provider', value='AWS'}, Tag{name='region', value='AP_SOUTH_1'}, Tag{name='workloadType', value='OPERATIONAL'}]}, electionId=null, setVersion=319, topologyVersion=TopologyVersion{processId=6853a6964d53d98859499a77, counter=5}, lastWriteDate=Thu Jun 26 02:01:24 PDT 2025, lastUpdateTimeNanos=159731352924200}
02:01:24.308 [cluster-ClusterId{value='685cfc44965aff5327798405', description='Cluster0'}-ac-otrun8c-shard-00-02.5fhtg4u.mongodb.net:27017] INFO  org.mongodb.driver.cluster - Monitor thread successfully connected to server with description ServerDescription{address=ac-otrun8c-shard-00-02.5fhtg4u.mongodb.net:27017, type=REPLICA_SET_SECONDARY, cryptd=false, state=CONNECTED, ok=true, minWireVersion=0, maxWireVersion=25, maxDocumentSize=16777216, logicalSessionTimeoutMinutes=30, roundTripTimeNanos=135565900, minRoundTripTimeNanos=0, setName='atlas-13xmns-shard-0', canonicalAddress=ac-otrun8c-shard-00-02.5fhtg4u.mongodb.net:27017, hosts=[ac-otrun8c-shard-00-00.5fhtg4u.mongodb.net:27017, ac-otrun8c-shard-00-01.5fhtg4u.mongodb.net:27017, ac-otrun8c-shard-00-02.5fhtg4u.mongodb.net:27017], passives=[], arbiters=[], primary='ac-otrun8c-shard-00-01.5fhtg4u.mongodb.net:27017', tagSet=TagSet{[Tag{name='availabilityZone', value='aps1-az2'}, Tag{name='diskState', value='READY'}, Tag{name='nodeType', value='ELECTABLE'}, Tag{name='provider', value='AWS'}, Tag{name='region', value='AP_SOUTH_1'}, Tag{name='workloadType', value='OPERATIONAL'}]}, electionId=null, setVersion=319, topologyVersion=TopologyVersion{processId=6853a842f9bf2faac033e331, counter=5}, lastWriteDate=Thu Jun 26 02:01:24 PDT 2025, lastUpdateTimeNanos=159731352903200}
02:01:24.310 [cluster-ClusterId{value='685cfc44965aff5327798405', description='Cluster0'}-ac-otrun8c-shard-00-01.5fhtg4u.mongodb.net:27017] INFO  org.mongodb.driver.cluster - Discovered replica set primary ac-otrun8c-shard-00-01.5fhtg4u.mongodb.net:27017 with max election id 7fffffff000000000000010d and max set version 319
02:43:46.496 [SpringApplicationShutdownHook] INFO  o.s.b.w.e.tomcat.GracefulShutdown - Commencing graceful shutdown. Waiting for active requests to complete
02:43:46.512 [tomcat-shutdown] INFO  o.s.b.w.e.tomcat.GracefulShutdown - Graceful shutdown complete
02:43:47.471 [SpringApplicationShutdownHook] INFO  o.s.o.j.LocalContainerEntityManagerFactoryBean - Closing JPA EntityManagerFactory for persistence unit 'default'
02:43:47.484 [SpringApplicationShutdownHook] WARN  o.s.b.f.s.DisposableBeanAdapter - Invocation of destroy method failed on bean with name 'inMemoryDatabaseShutdownExecutor': org.h2.jdbc.JdbcSQLNonTransientConnectionException: Database is already closed (to disable automatic closing at VM shutdown, add ";DB_CLOSE_ON_EXIT=FALSE" to the db URL) [90121-232]
02:43:47.484 [SpringApplicationShutdownHook] INFO  com.zaxxer.hikari.HikariDataSource - HikariPool-1 - Shutdown initiated...
02:43:47.487 [SpringApplicationShutdownHook] INFO  com.zaxxer.hikari.HikariDataSource - HikariPool-1 - Shutdown completed.
02:44:00.182 [restartedMain] INFO  c.e.j.JournalprojectApplication - Starting JournalprojectApplication using Java 24.0.1 with PID 14416 (C:\Users\PC\Desktop\JAVA-DEVELOPMENT\15_JournalProject\target\classes started by PC in C:\Users\PC\Desktop\JAVA-DEVELOPMENT\15_JournalProject)
02:44:00.185 [restartedMain] INFO  c.e.j.JournalprojectApplication - The following 1 profile is active: "dev"
02:44:00.296 [restartedMain] INFO  o.s.b.d.e.DevToolsPropertyDefaultsPostProcessor - Devtools property defaults active! Set 'spring.devtools.add-properties' to 'false' to disable
02:44:00.297 [restartedMain] INFO  o.s.b.d.e.DevToolsPropertyDefaultsPostProcessor - For additional web related logging consider setting the 'logging.level.web' property to 'DEBUG'
02:44:01.549 [restartedMain] INFO  o.s.d.r.c.RepositoryConfigurationDelegate - Multiple Spring Data modules found, entering strict repository configuration mode
02:44:01.551 [restartedMain] INFO  o.s.d.r.c.RepositoryConfigurationDelegate - Bootstrapping Spring Data JPA repositories in DEFAULT mode.
02:44:01.612 [restartedMain] INFO  o.s.d.r.c.RepositoryConfigurationExtensionSupport - Spring Data JPA - Could not safely identify store assignment for repository candidate interface com.example.journalproject.repository.ConfigJournalAppRepository; If you want this repository to be a JPA repository, consider annotating your entities with one of these annotations: jakarta.persistence.Entity, jakarta.persistence.MappedSuperclass (preferred), or consider extending one of the following types with your repository: org.springframework.data.jpa.repository.JpaRepository
02:44:01.615 [restartedMain] INFO  o.s.d.r.c.RepositoryConfigurationExtensionSupport - Spring Data JPA - Could not safely identify store assignment for repository candidate interface com.example.journalproject.repository.JournalEntryRepository; If you want this repository to be a JPA repository, consider annotating your entities with one of these annotations: jakarta.persistence.Entity, jakarta.persistence.MappedSuperclass (preferred), or consider extending one of the following types with your repository: org.springframework.data.jpa.repository.JpaRepository
02:44:01.617 [restartedMain] INFO  o.s.d.r.c.RepositoryConfigurationExtensionSupport - Spring Data JPA - Could not safely identify store assignment for repository candidate interface com.example.journalproject.repository.UserEntryRepository; If you want this repository to be a JPA repository, consider annotating your entities with one of these annotations: jakarta.persistence.Entity, jakarta.persistence.MappedSuperclass (preferred), or consider extending one of the following types with your repository: org.springframework.data.jpa.repository.JpaRepository
02:44:01.618 [restartedMain] INFO  o.s.d.r.c.RepositoryConfigurationDelegate - Finished Spring Data repository scanning in 44 ms. Found 0 JPA repository interfaces.
02:44:01.656 [restartedMain] INFO  o.s.d.r.c.RepositoryConfigurationDelegate - Multiple Spring Data modules found, entering strict repository configuration mode
02:44:01.658 [restartedMain] INFO  o.s.d.r.c.RepositoryConfigurationDelegate - Bootstrapping Spring Data MongoDB repositories in DEFAULT mode.
02:44:01.699 [restartedMain] INFO  o.s.d.r.c.RepositoryConfigurationDelegate - Finished Spring Data repository scanning in 40 ms. Found 3 MongoDB repository interfaces.
02:44:02.658 [restartedMain] INFO  o.s.b.w.e.tomcat.TomcatWebServer - Tomcat initialized with port 5001 (http)
02:44:02.679 [restartedMain] INFO  o.a.coyote.http11.Http11NioProtocol - Initializing ProtocolHandler ["http-nio-5001"]
02:44:02.682 [restartedMain] INFO  o.a.catalina.core.StandardService - Starting service [Tomcat]
02:44:02.682 [restartedMain] INFO  o.a.catalina.core.StandardEngine - Starting Servlet engine: [Apache Tomcat/10.1.42]
02:44:02.751 [restartedMain] INFO  o.a.c.c.C.[.[localhost].[/dev] - Initializing Spring embedded WebApplicationContext
02:44:02.753 [restartedMain] INFO  o.s.b.w.s.c.ServletWebServerApplicationContext - Root WebApplicationContext: initialization completed in 2454 ms
02:44:02.999 [restartedMain] INFO  com.zaxxer.hikari.HikariDataSource - HikariPool-1 - Starting...
02:44:03.268 [restartedMain] INFO  com.zaxxer.hikari.pool.HikariPool - HikariPool-1 - Added connection conn0: url=jdbc:h2:mem:a486bd54-8140-4238-93d9-9d12b8d6fc16 user=SA
02:44:03.270 [restartedMain] INFO  com.zaxxer.hikari.HikariDataSource - HikariPool-1 - Start completed.
02:44:03.348 [restartedMain] INFO  o.h.jpa.internal.util.LogHelper - HHH000204: Processing PersistenceUnitInfo [name: default]
02:44:03.415 [restartedMain] INFO  org.hibernate.Version - HHH000412: Hibernate ORM core version 6.6.18.Final
02:44:03.455 [restartedMain] INFO  o.h.c.i.RegionFactoryInitiator - HHH000026: Second-level cache disabled
02:44:03.900 [restartedMain] INFO  o.s.o.j.p.SpringPersistenceUnitInfo - No LoadTimeWeaver setup: ignoring JPA class transformer
02:44:03.983 [restartedMain] INFO  o.hibernate.orm.connections.pooling - HHH10001005: Database info:
	Database JDBC URL [Connecting through datasource 'HikariDataSource (HikariPool-1)']
	Database driver: undefined/unknown
	Database version: 2.3.232
	Autocommit mode: undefined/unknown
	Isolation level: undefined/unknown
	Minimum pool size: undefined/unknown
	Maximum pool size: undefined/unknown
02:44:04.402 [restartedMain] INFO  o.h.e.t.j.p.i.JtaPlatformInitiator - HHH000489: No JTA platform available (set 'hibernate.transaction.jta.platform' to enable JTA platform integration)
02:44:04.406 [restartedMain] INFO  o.s.o.j.LocalContainerEntityManagerFactoryBean - Initialized JPA EntityManagerFactory for persistence unit 'default'
02:44:04.740 [restartedMain] INFO  org.mongodb.driver.client - MongoClient with metadata {"application": {"name": "Cluster0"}, "driver": {"name": "mongo-java-driver|sync|spring-boot", "version": "5.5.1"}, "os": {"type": "Windows", "name": "Windows 10", "architecture": "amd64", "version": "10.0"}, "platform": "Java/Oracle Corporation/24.0.1+9-30"} created with settings MongoClientSettings{readPreference=primary, writeConcern=WriteConcern{w=majority, wTimeout=null ms, journal=null}, retryWrites=true, retryReads=true, readConcern=ReadConcern{level=null}, credential=MongoCredential{mechanism=null, userName='joelmatthew729', source='admin', password=<hidden>, mechanismProperties=<hidden>}, transportSettings=null, commandListeners=[], codecRegistry=ProvidersCodecRegistry{codecProviders=[ValueCodecProvider{}, BsonValueCodecProvider{}, DBRefCodecProvider{}, DBObjectCodecProvider{}, DocumentCodecProvider{}, CollectionCodecProvider{}, IterableCodecProvider{}, MapCodecProvider{}, GeoJsonCodecProvider{}, GridFSFileCodecProvider{}, Jsr310CodecProvider{}, JsonObjectCodecProvider{}, BsonCodecProvider{}, EnumCodecProvider{}, com.mongodb.client.model.mql.ExpressionCodecProvider@7ab1526a, com.mongodb.Jep395RecordCodecProvider@77006d38, com.mongodb.KotlinCodecProvider@699df68f]}, loggerSettings=LoggerSettings{maxDocumentLength=1000}, clusterSettings={hosts=[127.0.0.1:27017], srvHost=cluster0.5fhtg4u.mongodb.net, srvServiceName=mongodb, mode=MULTIPLE, requiredClusterType=REPLICA_SET, requiredReplicaSetName='atlas-13xmns-shard-0', serverSelector='null', clusterListeners='[]', serverSelectionTimeout='30000 ms', localThreshold='15 ms'}, socketSettings=SocketSettings{connectTimeoutMS=10000, readTimeoutMS=0, receiveBufferSize=0, proxySettings=ProxySettings{host=null, port=null, username=null, password=null}}, heartbeatSocketSettings=SocketSettings{connectTimeoutMS=10000, readTimeoutMS=10000, receiveBufferSize=0, proxySettings=ProxySettings{host=null, port=null, username=null, password=null}}, connectionPoolSettings=ConnectionPoolSettings{maxSize=100, minSize=0, maxWaitTimeMS=120000, maxConnectionLifeTimeMS=0, maxConnectionIdleTimeMS=0, maintenanceInitialDelayMS=0, maintenanceFrequencyMS=60000, connectionPoolListeners=[], maxConnecting=2}, serverSettings=ServerSettings{heartbeatFrequencyMS=10000, minHeartbeatFrequencyMS=500, serverMonitoringMode=AUTO, serverListeners='[]', serverMonitorListeners='[]'}, sslSettings=SslSettings{enabled=true, invalidHostNameAllowed=false, context=null}, applicationName='Cluster0', compressorList=[], uuidRepresentation=JAVA_LEGACY, serverApi=null, autoEncryptionSettings=null, dnsClient=null, inetAddressResolver=null, contextProvider=null, timeoutMS=null}
02:44:04.842 [cluster-ClusterId{value='685d16642565fc8e711040c3', description='Cluster0'}-srv-cluster0.5fhtg4u.mongodb.net] INFO  org.mongodb.driver.cluster - Adding discovered server ac-otrun8c-shard-00-02.5fhtg4u.mongodb.net:27017 to client view of cluster
02:44:04.884 [cluster-ClusterId{value='685d16642565fc8e711040c3', description='Cluster0'}-srv-cluster0.5fhtg4u.mongodb.net] INFO  org.mongodb.driver.cluster - Adding discovered server ac-otrun8c-shard-00-01.5fhtg4u.mongodb.net:27017 to client view of cluster
02:44:04.890 [cluster-ClusterId{value='685d16642565fc8e711040c3', description='Cluster0'}-srv-cluster0.5fhtg4u.mongodb.net] INFO  org.mongodb.driver.cluster - Adding discovered server ac-otrun8c-shard-00-00.5fhtg4u.mongodb.net:27017 to client view of cluster
02:44:05.035 [restartedMain] INFO  o.s.b.d.a.OptionalLiveReloadServer - LiveReload server is running on port 35729
02:44:05.239 [restartedMain] INFO  org.mongodb.driver.cluster - Waiting for server to become available for operation with ID 5. Remaining time: 29985 ms. Selector: WritableServerSelector, topology description: {type=REPLICA_SET, servers=[{address=ac-otrun8c-shard-00-02.5fhtg4u.mongodb.net:27017, type=UNKNOWN, state=CONNECTING}, {address=ac-otrun8c-shard-00-00.5fhtg4u.mongodb.net:27017, type=UNKNOWN, state=CONNECTING}, {address=ac-otrun8c-shard-00-01.5fhtg4u.mongodb.net:27017, type=UNKNOWN, state=CONNECTING}].
02:44:05.763 [cluster-ClusterId{value='685d16642565fc8e711040c3', description='Cluster0'}-ac-otrun8c-shard-00-00.5fhtg4u.mongodb.net:27017] INFO  org.mongodb.driver.cluster - Monitor thread successfully connected to server with description ServerDescription{address=ac-otrun8c-shard-00-00.5fhtg4u.mongodb.net:27017, type=REPLICA_SET_SECONDARY, cryptd=false, state=CONNECTED, ok=true, minWireVersion=0, maxWireVersion=25, maxDocumentSize=16777216, logicalSessionTimeoutMinutes=30, roundTripTimeNanos=469837700, minRoundTripTimeNanos=0, setName='atlas-13xmns-shard-0', canonicalAddress=ac-otrun8c-shard-00-00.5fhtg4u.mongodb.net:27017, hosts=[ac-otrun8c-shard-00-00.5fhtg4u.mongodb.net:27017, ac-otrun8c-shard-00-01.5fhtg4u.mongodb.net:27017, ac-otrun8c-shard-00-02.5fhtg4u.mongodb.net:27017], passives=[], arbiters=[], primary='ac-otrun8c-shard-00-01.5fhtg4u.mongodb.net:27017', tagSet=TagSet{[Tag{name='availabilityZone', value='aps1-az1'}, Tag{name='diskState', value='READY'}, Tag{name='nodeType', value='ELECTABLE'}, Tag{name='provider', value='AWS'}, Tag{name='region', value='AP_SOUTH_1'}, Tag{name='workloadType', value='OPERATIONAL'}]}, electionId=null, setVersion=319, topologyVersion=TopologyVersion{processId=6853a6964d53d98859499a77, counter=5}, lastWriteDate=Thu Jun 26 02:44:05 PDT 2025, lastUpdateTimeNanos=162292792182100}
02:44:05.763 [cluster-ClusterId{value='685d16642565fc8e711040c3', description='Cluster0'}-ac-otrun8c-shard-00-01.5fhtg4u.mongodb.net:27017] INFO  org.mongodb.driver.cluster - Monitor thread successfully connected to server with description ServerDescription{address=ac-otrun8c-shard-00-01.5fhtg4u.mongodb.net:27017, type=REPLICA_SET_PRIMARY, cryptd=false, state=CONNECTED, ok=true, minWireVersion=0, maxWireVersion=25, maxDocumentSize=16777216, logicalSessionTimeoutMinutes=30, roundTripTimeNanos=578744200, minRoundTripTimeNanos=0, setName='atlas-13xmns-shard-0', canonicalAddress=ac-otrun8c-shard-00-01.5fhtg4u.mongodb.net:27017, hosts=[ac-otrun8c-shard-00-00.5fhtg4u.mongodb.net:27017, ac-otrun8c-shard-00-01.5fhtg4u.mongodb.net:27017, ac-otrun8c-shard-00-02.5fhtg4u.mongodb.net:27017], passives=[], arbiters=[], primary='ac-otrun8c-shard-00-01.5fhtg4u.mongodb.net:27017', tagSet=TagSet{[Tag{name='availabilityZone', value='aps1-az3'}, Tag{name='diskState', value='READY'}, Tag{name='nodeType', value='ELECTABLE'}, Tag{name='provider', value='AWS'}, Tag{name='region', value='AP_SOUTH_1'}, Tag{name='workloadType', value='OPERATIONAL'}]}, electionId=7fffffff000000000000010d, setVersion=319, topologyVersion=TopologyVersion{processId=68539d4c523f9525edce98c0, counter=9}, lastWriteDate=Thu Jun 26 02:44:05 PDT 2025, lastUpdateTimeNanos=162292792182200}
02:44:05.763 [cluster-ClusterId{value='685d16642565fc8e711040c3', description='Cluster0'}-ac-otrun8c-shard-00-02.5fhtg4u.mongodb.net:27017] INFO  org.mongodb.driver.cluster - Monitor thread successfully connected to server with description ServerDescription{address=ac-otrun8c-shard-00-02.5fhtg4u.mongodb.net:27017, type=REPLICA_SET_SECONDARY, cryptd=false, state=CONNECTED, ok=true, minWireVersion=0, maxWireVersion=25, maxDocumentSize=16777216, logicalSessionTimeoutMinutes=30, roundTripTimeNanos=465701200, minRoundTripTimeNanos=0, setName='atlas-13xmns-shard-0', canonicalAddress=ac-otrun8c-shard-00-02.5fhtg4u.mongodb.net:27017, hosts=[ac-otrun8c-shard-00-00.5fhtg4u.mongodb.net:27017, ac-otrun8c-shard-00-01.5fhtg4u.mongodb.net:27017, ac-otrun8c-shard-00-02.5fhtg4u.mongodb.net:27017], passives=[], arbiters=[], primary='ac-otrun8c-shard-00-01.5fhtg4u.mongodb.net:27017', tagSet=TagSet{[Tag{name='availabilityZone', value='aps1-az2'}, Tag{name='diskState', value='READY'}, Tag{name='nodeType', value='ELECTABLE'}, Tag{name='provider', value='AWS'}, Tag{name='region', value='AP_SOUTH_1'}, Tag{name='workloadType', value='OPERATIONAL'}]}, electionId=null, setVersion=319, topologyVersion=TopologyVersion{processId=6853a842f9bf2faac033e331, counter=5}, lastWriteDate=Thu Jun 26 02:44:05 PDT 2025, lastUpdateTimeNanos=162292792182100}
02:44:05.777 [cluster-ClusterId{value='685d16642565fc8e711040c3', description='Cluster0'}-ac-otrun8c-shard-00-01.5fhtg4u.mongodb.net:27017] INFO  org.mongodb.driver.cluster - Discovered replica set primary ac-otrun8c-shard-00-01.5fhtg4u.mongodb.net:27017 with max election id 7fffffff000000000000010d and max set version 319
02:44:07.072 [restartedMain] INFO  o.s.s.c.a.a.c.InitializeUserDetailsBeanManagerConfigurer$InitializeUserDetailsManagerConfigurer - Global AuthenticationManager configured with UserDetailsService bean with name userDetailsServiceImpl
02:44:07.156 [restartedMain] WARN  o.s.b.a.o.j.JpaBaseConfiguration$JpaWebConfiguration - spring.jpa.open-in-view is enabled by default. Therefore, database queries may be performed during view rendering. Explicitly configure spring.jpa.open-in-view to disable this warning
02:44:07.824 [restartedMain] INFO  o.s.b.a.h.H2ConsoleAutoConfiguration - H2 console available at '/h2-console'. Database available at 'jdbc:h2:mem:a486bd54-8140-4238-93d9-9d12b8d6fc16'
02:44:07.929 [restartedMain] INFO  o.a.coyote.http11.Http11NioProtocol - Starting ProtocolHandler ["http-nio-5001"]
02:44:07.948 [restartedMain] INFO  o.s.b.w.e.tomcat.TomcatWebServer - Tomcat started on port 5001 (http) with context path '/dev'
02:44:07.960 [restartedMain] INFO  c.e.j.JournalprojectApplication - Started JournalprojectApplication in 8.45 seconds (process running for 9.591)
02:44:15.271 [http-nio-5001-exec-1] INFO  o.a.c.c.C.[.[localhost].[/dev] - Initializing Spring DispatcherServlet 'dispatcherServlet'
02:44:15.271 [http-nio-5001-exec-1] INFO  o.s.web.servlet.DispatcherServlet - Initializing Servlet 'dispatcherServlet'
02:44:15.272 [http-nio-5001-exec-1] INFO  o.s.web.servlet.DispatcherServlet - Completed initialization in 1 ms
02:44:34.146 [http-nio-5001-exec-3] ERROR c.e.j.controller.PublicController - Error occurred while logging !
org.springframework.security.authentication.BadCredentialsException: Bad credentials
	at org.springframework.security.authentication.dao.DaoAuthenticationProvider.additionalAuthenticationChecks(DaoAuthenticationProvider.java:107)
	at org.springframework.security.authentication.dao.AbstractUserDetailsAuthenticationProvider.authenticate(AbstractUserDetailsAuthenticationProvider.java:150)
	at org.springframework.security.authentication.ProviderManager.authenticate(ProviderManager.java:182)
	at com.example.journalproject.controller.PublicController.login(PublicController.java:71)
	at java.base/jdk.internal.reflect.DirectMethodHandleAccessor.invoke(DirectMethodHandleAccessor.java:104)
	at java.base/java.lang.reflect.Method.invoke(Method.java:565)
	at org.springframework.web.method.support.InvocableHandlerMethod.doInvoke(InvocableHandlerMethod.java:258)
	at org.springframework.web.method.support.InvocableHandlerMethod.invokeForRequest(InvocableHandlerMethod.java:191)
	at org.springframework.web.servlet.mvc.method.annotation.ServletInvocableHandlerMethod.invokeAndHandle(ServletInvocableHandlerMethod.java:118)
	at org.springframework.web.servlet.mvc.method.annotation.RequestMappingHandlerAdapter.invokeHandlerMethod(RequestMappingHandlerAdapter.java:986)
	at org.springframework.web.servlet.mvc.method.annotation.RequestMappingHandlerAdapter.handleInternal(RequestMappingHandlerAdapter.java:891)
	at org.springframework.web.servlet.mvc.method.AbstractHandlerMethodAdapter.handle(AbstractHandlerMethodAdapter.java:87)
	at org.springframework.web.servlet.DispatcherServlet.doDispatch(DispatcherServlet.java:1089)
	at org.springframework.web.servlet.DispatcherServlet.doService(DispatcherServlet.java:979)
	at org.springframework.web.servlet.FrameworkServlet.processRequest(FrameworkServlet.java:1014)
	at org.springframework.web.servlet.FrameworkServlet.doPost(FrameworkServlet.java:914)
	at jakarta.servlet.http.HttpServlet.service(HttpServlet.java:590)
	at org.springframework.web.servlet.FrameworkServlet.service(FrameworkServlet.java:885)
	at jakarta.servlet.http.HttpServlet.service(HttpServlet.java:658)
	at org.apache.catalina.core.ApplicationFilterChain.internalDoFilter(ApplicationFilterChain.java:195)
	at org.apache.catalina.core.ApplicationFilterChain.doFilter(ApplicationFilterChain.java:140)
	at org.apache.tomcat.websocket.server.WsFilter.doFilter(WsFilter.java:51)
	at org.apache.catalina.core.ApplicationFilterChain.internalDoFilter(ApplicationFilterChain.java:164)
	at org.apache.catalina.core.ApplicationFilterChain.doFilter(ApplicationFilterChain.java:140)
	at org.springframework.web.filter.CompositeFilter$VirtualFilterChain.doFilter(CompositeFilter.java:108)
	at org.springframework.web.filter.CompositeFilter$VirtualFilterChain.doFilter(CompositeFilter.java:108)
	at org.springframework.security.web.FilterChainProxy.lambda$doFilterInternal$3(FilterChainProxy.java:231)
	at org.springframework.security.web.FilterChainProxy$VirtualFilterChain.doFilter(FilterChainProxy.java:365)
	at org.springframework.security.web.access.intercept.AuthorizationFilter.doFilter(AuthorizationFilter.java:101)
	at org.springframework.security.web.FilterChainProxy$VirtualFilterChain.doFilter(FilterChainProxy.java:374)
	at org.springframework.security.web.access.ExceptionTranslationFilter.doFilter(ExceptionTranslationFilter.java:125)
	at org.springframework.security.web.access.ExceptionTranslationFilter.doFilter(ExceptionTranslationFilter.java:119)
	at org.springframework.security.web.FilterChainProxy$VirtualFilterChain.doFilter(FilterChainProxy.java:374)
	at org.springframework.security.web.authentication.AnonymousAuthenticationFilter.doFilter(AnonymousAuthenticationFilter.java:100)
	at org.springframework.security.web.FilterChainProxy$VirtualFilterChain.doFilter(FilterChainProxy.java:374)
	at org.springframework.security.web.servletapi.SecurityContextHolderAwareRequestFilter.doFilter(SecurityContextHolderAwareRequestFilter.java:179)
	at org.springframework.security.web.FilterChainProxy$VirtualFilterChain.doFilter(FilterChainProxy.java:374)
	at org.springframework.security.web.savedrequest.RequestCacheAwareFilter.doFilter(RequestCacheAwareFilter.java:63)
	at org.springframework.security.web.FilterChainProxy$VirtualFilterChain.doFilter(FilterChainProxy.java:374)
	at org.springframework.security.web.authentication.www.BasicAuthenticationFilter.doFilterInternal(BasicAuthenticationFilter.java:181)
	at org.springframework.web.filter.OncePerRequestFilter.doFilter(OncePerRequestFilter.java:116)
	at org.springframework.security.web.FilterChainProxy$VirtualFilterChain.doFilter(FilterChainProxy.java:374)
	at org.springframework.security.web.authentication.logout.LogoutFilter.doFilter(LogoutFilter.java:107)
	at org.springframework.security.web.authentication.logout.LogoutFilter.doFilter(LogoutFilter.java:93)
	at org.springframework.security.web.FilterChainProxy$VirtualFilterChain.doFilter(FilterChainProxy.java:374)
	at org.springframework.security.web.header.HeaderWriterFilter.doHeadersAfter(HeaderWriterFilter.java:90)
	at org.springframework.security.web.header.HeaderWriterFilter.doFilterInternal(HeaderWriterFilter.java:75)
	at org.springframework.web.filter.OncePerRequestFilter.doFilter(OncePerRequestFilter.java:116)
	at org.springframework.security.web.FilterChainProxy$VirtualFilterChain.doFilter(FilterChainProxy.java:374)
	at org.springframework.security.web.context.SecurityContextHolderFilter.doFilter(SecurityContextHolderFilter.java:82)
	at org.springframework.security.web.context.SecurityContextHolderFilter.doFilter(SecurityContextHolderFilter.java:69)
	at org.springframework.security.web.FilterChainProxy$VirtualFilterChain.doFilter(FilterChainProxy.java:374)
	at org.springframework.security.web.context.request.async.WebAsyncManagerIntegrationFilter.doFilterInternal(WebAsyncManagerIntegrationFilter.java:62)
	at org.springframework.web.filter.OncePerRequestFilter.doFilter(OncePerRequestFilter.java:116)
	at org.springframework.security.web.FilterChainProxy$VirtualFilterChain.doFilter(FilterChainProxy.java:374)
	at org.springframework.security.web.session.DisableEncodeUrlFilter.doFilterInternal(DisableEncodeUrlFilter.java:42)
	at org.springframework.web.filter.OncePerRequestFilter.doFilter(OncePerRequestFilter.java:116)
	at org.springframework.security.web.FilterChainProxy$VirtualFilterChain.doFilter(FilterChainProxy.java:374)
	at org.springframework.security.web.FilterChainProxy.doFilterInternal(FilterChainProxy.java:233)
	at org.springframework.security.web.FilterChainProxy.doFilter(FilterChainProxy.java:191)
	at org.springframework.web.filter.CompositeFilter$VirtualFilterChain.doFilter(CompositeFilter.java:113)
	at org.springframework.web.filter.ServletRequestPathFilter.doFilter(ServletRequestPathFilter.java:52)
	at org.springframework.web.filter.CompositeFilter$VirtualFilterChain.doFilter(CompositeFilter.java:113)
	at org.springframework.web.filter.CompositeFilter.doFilter(CompositeFilter.java:74)
	at org.springframework.security.config.annotation.web.configuration.WebSecurityConfiguration$CompositeFilterChainProxy.doFilter(WebSecurityConfiguration.java:319)
	at org.springframework.web.filter.CompositeFilter$VirtualFilterChain.doFilter(CompositeFilter.java:113)
	at org.springframework.web.servlet.handler.HandlerMappingIntrospector.lambda$createCacheFilter$4(HandlerMappingIntrospector.java:267)
	at org.springframework.web.filter.CompositeFilter$VirtualFilterChain.doFilter(CompositeFilter.java:113)
	at org.springframework.web.filter.CompositeFilter.doFilter(CompositeFilter.java:74)
	at org.springframework.security.config.annotation.web.configuration.WebMvcSecurityConfiguration$CompositeFilterChainProxy.doFilter(WebMvcSecurityConfiguration.java:240)
	at org.springframework.web.filter.DelegatingFilterProxy.invokeDelegate(DelegatingFilterProxy.java:362)
	at org.springframework.web.filter.DelegatingFilterProxy.doFilter(DelegatingFilterProxy.java:278)
	at org.apache.catalina.core.ApplicationFilterChain.internalDoFilter(ApplicationFilterChain.java:164)
	at org.apache.catalina.core.ApplicationFilterChain.doFilter(ApplicationFilterChain.java:140)
	at org.springframework.web.filter.RequestContextFilter.doFilterInternal(RequestContextFilter.java:100)
	at org.springframework.web.filter.OncePerRequestFilter.doFilter(OncePerRequestFilter.java:116)
	at org.apache.catalina.core.ApplicationFilterChain.internalDoFilter(ApplicationFilterChain.java:164)
	at org.apache.catalina.core.ApplicationFilterChain.doFilter(ApplicationFilterChain.java:140)
	at org.springframework.web.filter.FormContentFilter.doFilterInternal(FormContentFilter.java:93)
	at org.springframework.web.filter.OncePerRequestFilter.doFilter(OncePerRequestFilter.java:116)
	at org.apache.catalina.core.ApplicationFilterChain.internalDoFilter(ApplicationFilterChain.java:164)
	at org.apache.catalina.core.ApplicationFilterChain.doFilter(ApplicationFilterChain.java:140)
	at org.springframework.web.filter.CharacterEncodingFilter.doFilterInternal(CharacterEncodingFilter.java:201)
	at org.springframework.web.filter.OncePerRequestFilter.doFilter(OncePerRequestFilter.java:116)
	at org.apache.catalina.core.ApplicationFilterChain.internalDoFilter(ApplicationFilterChain.java:164)
	at org.apache.catalina.core.ApplicationFilterChain.doFilter(ApplicationFilterChain.java:140)
	at org.apache.catalina.core.StandardWrapperValve.invoke(StandardWrapperValve.java:167)
	at org.apache.catalina.core.StandardContextValve.invoke(StandardContextValve.java:90)
	at org.apache.catalina.authenticator.AuthenticatorBase.invoke(AuthenticatorBase.java:483)
	at org.apache.catalina.core.StandardHostValve.invoke(StandardHostValve.java:116)
	at org.apache.catalina.valves.ErrorReportValve.invoke(ErrorReportValve.java:93)
	at org.apache.catalina.core.StandardEngineValve.invoke(StandardEngineValve.java:74)
	at org.apache.catalina.connector.CoyoteAdapter.service(CoyoteAdapter.java:344)
	at org.apache.coyote.http11.Http11Processor.service(Http11Processor.java:398)
	at org.apache.coyote.AbstractProcessorLight.process(AbstractProcessorLight.java:63)
	at org.apache.coyote.AbstractProtocol$ConnectionHandler.process(AbstractProtocol.java:903)
	at org.apache.tomcat.util.net.NioEndpoint$SocketProcessor.doRun(NioEndpoint.java:1769)
	at org.apache.tomcat.util.net.SocketProcessorBase.run(SocketProcessorBase.java:52)
	at org.apache.tomcat.util.threads.ThreadPoolExecutor.runWorker(ThreadPoolExecutor.java:1189)
	at org.apache.tomcat.util.threads.ThreadPoolExecutor$Worker.run(ThreadPoolExecutor.java:658)
	at org.apache.tomcat.util.threads.TaskThread$WrappingRunnable.run(TaskThread.java:63)
	at java.base/java.lang.Thread.run(Thread.java:1447)
05:29:13.118 [cluster-ClusterId{value='685d16642565fc8e711040c3', description='Cluster0'}-ac-otrun8c-shard-00-00.5fhtg4u.mongodb.net:27017] INFO  org.mongodb.driver.cluster - Exception in monitor thread while connecting to server ac-otrun8c-shard-00-00.5fhtg4u.mongodb.net:27017
com.mongodb.MongoSocketReadTimeoutException: Timeout while receiving message
	at com.mongodb.internal.connection.InternalStreamConnection.createReadTimeoutException(InternalStreamConnection.java:819)
	at com.mongodb.internal.connection.InternalStreamConnection.translateReadException(InternalStreamConnection.java:807)
	at com.mongodb.internal.connection.InternalStreamConnection.receiveResponseBuffers(InternalStreamConnection.java:857)
	at com.mongodb.internal.connection.InternalStreamConnection.receiveCommandMessageResponse(InternalStreamConnection.java:517)
	at com.mongodb.internal.connection.InternalStreamConnection.receive(InternalStreamConnection.java:469)
	at com.mongodb.internal.connection.DefaultServerMonitor$ServerMonitor.lookupServerDescription(DefaultServerMonitor.java:249)
	at com.mongodb.internal.connection.DefaultServerMonitor$ServerMonitor.run(DefaultServerMonitor.java:176)
Caused by: java.net.SocketTimeoutException: Read timed out
	at java.base/sun.nio.ch.NioSocketImpl.timedRead(NioSocketImpl.java:277)
	at java.base/sun.nio.ch.NioSocketImpl.implRead(NioSocketImpl.java:303)
	at java.base/sun.nio.ch.NioSocketImpl.read(NioSocketImpl.java:345)
	at java.base/sun.nio.ch.NioSocketImpl$1.read(NioSocketImpl.java:790)
	at java.base/java.net.Socket$SocketInputStream.implRead(Socket.java:983)
	at java.base/java.net.Socket$SocketInputStream.read(Socket.java:970)
	at java.base/sun.security.ssl.SSLSocketInputRecord.read(SSLSocketInputRecord.java:489)
	at java.base/sun.security.ssl.SSLSocketInputRecord.readHeader(SSLSocketInputRecord.java:483)
	at java.base/sun.security.ssl.SSLSocketInputRecord.bytesInCompletePacket(SSLSocketInputRecord.java:70)
	at java.base/sun.security.ssl.SSLSocketImpl.readApplicationRecord(SSLSocketImpl.java:1461)
	at java.base/sun.security.ssl.SSLSocketImpl$AppInputStream.read(SSLSocketImpl.java:1068)
	at com.mongodb.internal.connection.SocketStream.read(SocketStream.java:182)
	at com.mongodb.internal.connection.InternalStreamConnection.receiveResponseBuffers(InternalStreamConnection.java:824)
	... 4 common frames omitted
05:29:13.492 [cluster-ClusterId{value='685d16642565fc8e711040c3', description='Cluster0'}-ac-otrun8c-shard-00-02.5fhtg4u.mongodb.net:27017] INFO  org.mongodb.driver.cluster - Exception in monitor thread while connecting to server ac-otrun8c-shard-00-02.5fhtg4u.mongodb.net:27017
com.mongodb.MongoSocketReadTimeoutException: Timeout while receiving message
	at com.mongodb.internal.connection.InternalStreamConnection.createReadTimeoutException(InternalStreamConnection.java:819)
	at com.mongodb.internal.connection.InternalStreamConnection.translateReadException(InternalStreamConnection.java:807)
	at com.mongodb.internal.connection.InternalStreamConnection.receiveResponseBuffers(InternalStreamConnection.java:857)
	at com.mongodb.internal.connection.InternalStreamConnection.receiveCommandMessageResponse(InternalStreamConnection.java:517)
	at com.mongodb.internal.connection.InternalStreamConnection.receive(InternalStreamConnection.java:469)
	at com.mongodb.internal.connection.DefaultServerMonitor$ServerMonitor.lookupServerDescription(DefaultServerMonitor.java:249)
	at com.mongodb.internal.connection.DefaultServerMonitor$ServerMonitor.run(DefaultServerMonitor.java:176)
Caused by: java.net.SocketTimeoutException: Read timed out
	at java.base/sun.nio.ch.NioSocketImpl.timedRead(NioSocketImpl.java:277)
	at java.base/sun.nio.ch.NioSocketImpl.implRead(NioSocketImpl.java:303)
	at java.base/sun.nio.ch.NioSocketImpl.read(NioSocketImpl.java:345)
	at java.base/sun.nio.ch.NioSocketImpl$1.read(NioSocketImpl.java:790)
	at java.base/java.net.Socket$SocketInputStream.implRead(Socket.java:983)
	at java.base/java.net.Socket$SocketInputStream.read(Socket.java:970)
	at java.base/sun.security.ssl.SSLSocketInputRecord.read(SSLSocketInputRecord.java:489)
	at java.base/sun.security.ssl.SSLSocketInputRecord.readHeader(SSLSocketInputRecord.java:483)
	at java.base/sun.security.ssl.SSLSocketInputRecord.bytesInCompletePacket(SSLSocketInputRecord.java:70)
	at java.base/sun.security.ssl.SSLSocketImpl.readApplicationRecord(SSLSocketImpl.java:1461)
	at java.base/sun.security.ssl.SSLSocketImpl$AppInputStream.read(SSLSocketImpl.java:1068)
	at com.mongodb.internal.connection.SocketStream.read(SocketStream.java:182)
	at com.mongodb.internal.connection.InternalStreamConnection.receiveResponseBuffers(InternalStreamConnection.java:824)
	... 4 common frames omitted
05:29:13.712 [cluster-ClusterId{value='685d16642565fc8e711040c3', description='Cluster0'}-ac-otrun8c-shard-00-01.5fhtg4u.mongodb.net:27017] INFO  org.mongodb.driver.cluster - Exception in monitor thread while connecting to server ac-otrun8c-shard-00-01.5fhtg4u.mongodb.net:27017
com.mongodb.MongoSocketReadTimeoutException: Timeout while receiving message
	at com.mongodb.internal.connection.InternalStreamConnection.createReadTimeoutException(InternalStreamConnection.java:819)
	at com.mongodb.internal.connection.InternalStreamConnection.translateReadException(InternalStreamConnection.java:807)
	at com.mongodb.internal.connection.InternalStreamConnection.receiveResponseBuffers(InternalStreamConnection.java:857)
	at com.mongodb.internal.connection.InternalStreamConnection.receiveCommandMessageResponse(InternalStreamConnection.java:517)
	at com.mongodb.internal.connection.InternalStreamConnection.receive(InternalStreamConnection.java:469)
	at com.mongodb.internal.connection.DefaultServerMonitor$ServerMonitor.lookupServerDescription(DefaultServerMonitor.java:249)
	at com.mongodb.internal.connection.DefaultServerMonitor$ServerMonitor.run(DefaultServerMonitor.java:176)
Caused by: java.net.SocketTimeoutException: Read timed out
	at java.base/sun.nio.ch.NioSocketImpl.timedRead(NioSocketImpl.java:277)
	at java.base/sun.nio.ch.NioSocketImpl.implRead(NioSocketImpl.java:303)
	at java.base/sun.nio.ch.NioSocketImpl.read(NioSocketImpl.java:345)
	at java.base/sun.nio.ch.NioSocketImpl$1.read(NioSocketImpl.java:790)
	at java.base/java.net.Socket$SocketInputStream.implRead(Socket.java:983)
	at java.base/java.net.Socket$SocketInputStream.read(Socket.java:970)
	at java.base/sun.security.ssl.SSLSocketInputRecord.read(SSLSocketInputRecord.java:489)
	at java.base/sun.security.ssl.SSLSocketInputRecord.readHeader(SSLSocketInputRecord.java:483)
	at java.base/sun.security.ssl.SSLSocketInputRecord.bytesInCompletePacket(SSLSocketInputRecord.java:70)
	at java.base/sun.security.ssl.SSLSocketImpl.readApplicationRecord(SSLSocketImpl.java:1461)
	at java.base/sun.security.ssl.SSLSocketImpl$AppInputStream.read(SSLSocketImpl.java:1068)
	at com.mongodb.internal.connection.SocketStream.read(SocketStream.java:182)
	at com.mongodb.internal.connection.InternalStreamConnection.receiveResponseBuffers(InternalStreamConnection.java:824)
	... 4 common frames omitted
05:29:14.413 [cluster-ClusterId{value='685d16642565fc8e711040c3', description='Cluster0'}-ac-otrun8c-shard-00-00.5fhtg4u.mongodb.net:27017] INFO  org.mongodb.driver.cluster - Monitor thread successfully connected to server with description ServerDescription{address=ac-otrun8c-shard-00-00.5fhtg4u.mongodb.net:27017, type=REPLICA_SET_SECONDARY, cryptd=false, state=CONNECTED, ok=true, minWireVersion=0, maxWireVersion=25, maxDocumentSize=16777216, logicalSessionTimeoutMinutes=30, roundTripTimeNanos=326282700, minRoundTripTimeNanos=0, setName='atlas-13xmns-shard-0', canonicalAddress=ac-otrun8c-shard-00-00.5fhtg4u.mongodb.net:27017, hosts=[ac-otrun8c-shard-00-00.5fhtg4u.mongodb.net:27017, ac-otrun8c-shard-00-01.5fhtg4u.mongodb.net:27017, ac-otrun8c-shard-00-02.5fhtg4u.mongodb.net:27017], passives=[], arbiters=[], primary='ac-otrun8c-shard-00-01.5fhtg4u.mongodb.net:27017', tagSet=TagSet{[Tag{name='availabilityZone', value='aps1-az1'}, Tag{name='diskState', value='READY'}, Tag{name='nodeType', value='ELECTABLE'}, Tag{name='provider', value='AWS'}, Tag{name='region', value='AP_SOUTH_1'}, Tag{name='workloadType', value='OPERATIONAL'}]}, electionId=null, setVersion=319, topologyVersion=TopologyVersion{processId=6853a6964d53d98859499a77, counter=5}, lastWriteDate=Thu Jun 26 05:29:14 PDT 2025, lastUpdateTimeNanos=172201455809900}
05:29:14.626 [cluster-ClusterId{value='685d16642565fc8e711040c3', description='Cluster0'}-ac-otrun8c-shard-00-02.5fhtg4u.mongodb.net:27017] INFO  org.mongodb.driver.cluster - Monitor thread successfully connected to server with description ServerDescription{address=ac-otrun8c-shard-00-02.5fhtg4u.mongodb.net:27017, type=REPLICA_SET_SECONDARY, cryptd=false, state=CONNECTED, ok=true, minWireVersion=0, maxWireVersion=25, maxDocumentSize=16777216, logicalSessionTimeoutMinutes=30, roundTripTimeNanos=218015300, minRoundTripTimeNanos=0, setName='atlas-13xmns-shard-0', canonicalAddress=ac-otrun8c-shard-00-02.5fhtg4u.mongodb.net:27017, hosts=[ac-otrun8c-shard-00-00.5fhtg4u.mongodb.net:27017, ac-otrun8c-shard-00-01.5fhtg4u.mongodb.net:27017, ac-otrun8c-shard-00-02.5fhtg4u.mongodb.net:27017], passives=[], arbiters=[], primary='ac-otrun8c-shard-00-01.5fhtg4u.mongodb.net:27017', tagSet=TagSet{[Tag{name='availabilityZone', value='aps1-az2'}, Tag{name='diskState', value='READY'}, Tag{name='nodeType', value='ELECTABLE'}, Tag{name='provider', value='AWS'}, Tag{name='region', value='AP_SOUTH_1'}, Tag{name='workloadType', value='OPERATIONAL'}]}, electionId=null, setVersion=319, topologyVersion=TopologyVersion{processId=6853a842f9bf2faac033e331, counter=5}, lastWriteDate=Thu Jun 26 05:29:14 PDT 2025, lastUpdateTimeNanos=172201672497900}
05:29:14.647 [cluster-ClusterId{value='685d16642565fc8e711040c3', description='Cluster0'}-ac-otrun8c-shard-00-01.5fhtg4u.mongodb.net:27017] INFO  org.mongodb.driver.cluster - Monitor thread successfully connected to server with description ServerDescription{address=ac-otrun8c-shard-00-01.5fhtg4u.mongodb.net:27017, type=REPLICA_SET_PRIMARY, cryptd=false, state=CONNECTED, ok=true, minWireVersion=0, maxWireVersion=25, maxDocumentSize=16777216, logicalSessionTimeoutMinutes=30, roundTripTimeNanos=238553500, minRoundTripTimeNanos=0, setName='atlas-13xmns-shard-0', canonicalAddress=ac-otrun8c-shard-00-01.5fhtg4u.mongodb.net:27017, hosts=[ac-otrun8c-shard-00-00.5fhtg4u.mongodb.net:27017, ac-otrun8c-shard-00-01.5fhtg4u.mongodb.net:27017, ac-otrun8c-shard-00-02.5fhtg4u.mongodb.net:27017], passives=[], arbiters=[], primary='ac-otrun8c-shard-00-01.5fhtg4u.mongodb.net:27017', tagSet=TagSet{[Tag{name='availabilityZone', value='aps1-az3'}, Tag{name='diskState', value='READY'}, Tag{name='nodeType', value='ELECTABLE'}, Tag{name='provider', value='AWS'}, Tag{name='region', value='AP_SOUTH_1'}, Tag{name='workloadType', value='OPERATIONAL'}]}, electionId=7fffffff000000000000010d, setVersion=319, topologyVersion=TopologyVersion{processId=68539d4c523f9525edce98c0, counter=9}, lastWriteDate=Thu Jun 26 05:29:14 PDT 2025, lastUpdateTimeNanos=172201693036400}
05:29:14.647 [cluster-ClusterId{value='685d16642565fc8e711040c3', description='Cluster0'}-ac-otrun8c-shard-00-01.5fhtg4u.mongodb.net:27017] INFO  org.mongodb.driver.cluster - Discovered replica set primary ac-otrun8c-shard-00-01.5fhtg4u.mongodb.net:27017 with max election id 7fffffff000000000000010d and max set version 319
05:55:28.265 [SpringApplicationShutdownHook] INFO  o.s.b.w.e.tomcat.GracefulShutdown - Commencing graceful shutdown. Waiting for active requests to complete
05:55:28.281 [tomcat-shutdown] INFO  o.s.b.w.e.tomcat.GracefulShutdown - Graceful shutdown complete
05:55:28.625 [SpringApplicationShutdownHook] INFO  o.s.o.j.LocalContainerEntityManagerFactoryBean - Closing JPA EntityManagerFactory for persistence unit 'default'
05:55:28.641 [SpringApplicationShutdownHook] WARN  o.s.b.f.s.DisposableBeanAdapter - Invocation of destroy method failed on bean with name 'inMemoryDatabaseShutdownExecutor': org.h2.jdbc.JdbcSQLNonTransientConnectionException: Database is already closed (to disable automatic closing at VM shutdown, add ";DB_CLOSE_ON_EXIT=FALSE" to the db URL) [90121-232]
05:55:28.642 [SpringApplicationShutdownHook] INFO  com.zaxxer.hikari.HikariDataSource - HikariPool-1 - Shutdown initiated...
05:55:28.645 [SpringApplicationShutdownHook] INFO  com.zaxxer.hikari.HikariDataSource - HikariPool-1 - Shutdown completed.
