05:33:29.451 [restartedMain] INFO  c.e.j.JournalprojectApplication - Starting JournalprojectApplication using Java 24.0.1 with PID 8000 (C:\Users\PC\Desktop\JAVA-DEVELOPMENT\11_JournalProject\target\classes started by PC in C:\Users\PC\Desktop\JAVA-DEVELOPMENT\11_JournalProject)
05:33:29.457 [restartedMain] INFO  c.e.j.JournalprojectApplication - The following 1 profile is active: "dev"
05:33:29.545 [restartedMain] INFO  o.s.b.d.e.DevToolsPropertyDefaultsPostProcessor - Devtools property defaults active! Set 'spring.devtools.add-properties' to 'false' to disable
05:33:29.546 [restartedMain] INFO  o.s.b.d.e.DevToolsPropertyDefaultsPostProcessor - For additional web related logging consider setting the 'logging.level.web' property to 'DEBUG'
05:33:30.728 [restartedMain] INFO  o.s.d.r.c.RepositoryConfigurationDelegate - Multiple Spring Data modules found, entering strict repository configuration mode
05:33:30.731 [restartedMain] INFO  o.s.d.r.c.RepositoryConfigurationDelegate - Bootstrapping Spring Data JPA repositories in DEFAULT mode.
05:33:30.793 [restartedMain] INFO  o.s.d.r.c.RepositoryConfigurationExtensionSupport - Spring Data JPA - Could not safely identify store assignment for repository candidate interface com.example.journalproject.repository.JournalEntryRepository; If you want this repository to be a JPA repository, consider annotating your entities with one of these annotations: jakarta.persistence.Entity, jakarta.persistence.MappedSuperclass (preferred), or consider extending one of the following types with your repository: org.springframework.data.jpa.repository.JpaRepository
05:33:30.795 [restartedMain] INFO  o.s.d.r.c.RepositoryConfigurationExtensionSupport - Spring Data JPA - Could not safely identify store assignment for repository candidate interface com.example.journalproject.repository.UserEntryRepository; If you want this repository to be a JPA repository, consider annotating your entities with one of these annotations: jakarta.persistence.Entity, jakarta.persistence.MappedSuperclass (preferred), or consider extending one of the following types with your repository: org.springframework.data.jpa.repository.JpaRepository
05:33:30.796 [restartedMain] INFO  o.s.d.r.c.RepositoryConfigurationDelegate - Finished Spring Data repository scanning in 42 ms. Found 0 JPA repository interfaces.
05:33:30.831 [restartedMain] INFO  o.s.d.r.c.RepositoryConfigurationDelegate - Multiple Spring Data modules found, entering strict repository configuration mode
05:33:30.832 [restartedMain] INFO  o.s.d.r.c.RepositoryConfigurationDelegate - Bootstrapping Spring Data MongoDB repositories in DEFAULT mode.
05:33:30.862 [restartedMain] INFO  o.s.d.r.c.RepositoryConfigurationDelegate - Finished Spring Data repository scanning in 29 ms. Found 2 MongoDB repository interfaces.
05:33:31.987 [restartedMain] INFO  o.s.b.w.e.tomcat.TomcatWebServer - Tomcat initialized with port 5001 (http)
05:33:32.017 [restartedMain] INFO  o.a.coyote.http11.Http11NioProtocol - Initializing ProtocolHandler ["http-nio-5001"]
05:33:32.021 [restartedMain] INFO  o.a.catalina.core.StandardService - Starting service [Tomcat]
05:33:32.021 [restartedMain] INFO  o.a.catalina.core.StandardEngine - Starting Servlet engine: [Apache Tomcat/10.1.42]
05:33:32.121 [restartedMain] INFO  o.a.c.c.C.[.[localhost].[/dev] - Initializing Spring embedded WebApplicationContext
05:33:32.121 [restartedMain] INFO  o.s.b.w.s.c.ServletWebServerApplicationContext - Root WebApplicationContext: initialization completed in 2574 ms
05:33:32.343 [restartedMain] INFO  com.zaxxer.hikari.HikariDataSource - HikariPool-1 - Starting...
05:33:32.610 [restartedMain] INFO  com.zaxxer.hikari.pool.HikariPool - HikariPool-1 - Added connection conn0: url=jdbc:h2:mem:0766ad28-08fa-48d2-99e3-106e86a098cc user=SA
05:33:32.611 [restartedMain] INFO  com.zaxxer.hikari.HikariDataSource - HikariPool-1 - Start completed.
05:33:32.678 [restartedMain] INFO  o.h.jpa.internal.util.LogHelper - HHH000204: Processing PersistenceUnitInfo [name: default]
05:33:32.746 [restartedMain] INFO  org.hibernate.Version - HHH000412: Hibernate ORM core version 6.6.18.Final
05:33:32.787 [restartedMain] INFO  o.h.c.i.RegionFactoryInitiator - HHH000026: Second-level cache disabled
05:33:33.189 [restartedMain] INFO  o.s.o.j.p.SpringPersistenceUnitInfo - No LoadTimeWeaver setup: ignoring JPA class transformer
05:33:33.281 [restartedMain] INFO  o.hibernate.orm.connections.pooling - HHH10001005: Database info:
	Database JDBC URL [Connecting through datasource 'HikariDataSource (HikariPool-1)']
	Database driver: undefined/unknown
	Database version: 2.3.232
	Autocommit mode: undefined/unknown
	Isolation level: undefined/unknown
	Minimum pool size: undefined/unknown
	Maximum pool size: undefined/unknown
05:33:33.668 [restartedMain] INFO  o.h.e.t.j.p.i.JtaPlatformInitiator - HHH000489: No JTA platform available (set 'hibernate.transaction.jta.platform' to enable JTA platform integration)
05:33:33.673 [restartedMain] INFO  o.s.o.j.LocalContainerEntityManagerFactoryBean - Initialized JPA EntityManagerFactory for persistence unit 'default'
05:33:33.963 [cluster-ClusterId{value='685a9b1d4b37cda922e0a39f', description='Cluster0'}-srv-cluster0.5fhtg4u.mongodb.net] INFO  org.mongodb.driver.cluster - Adding discovered server ac-otrun8c-shard-00-02.5fhtg4u.mongodb.net:27017 to client view of cluster
05:33:33.983 [restartedMain] INFO  org.mongodb.driver.client - MongoClient with metadata {"application": {"name": "Cluster0"}, "driver": {"name": "mongo-java-driver|sync|spring-boot", "version": "5.5.1"}, "os": {"type": "Windows", "name": "Windows 10", "architecture": "amd64", "version": "10.0"}, "platform": "Java/Oracle Corporation/24.0.1+9-30"} created with settings MongoClientSettings{readPreference=primary, writeConcern=WriteConcern{w=majority, wTimeout=null ms, journal=null}, retryWrites=true, retryReads=true, readConcern=ReadConcern{level=null}, credential=MongoCredential{mechanism=null, userName='joelmatthew729', source='admin', password=<hidden>, mechanismProperties=<hidden>}, transportSettings=null, commandListeners=[], codecRegistry=ProvidersCodecRegistry{codecProviders=[ValueCodecProvider{}, BsonValueCodecProvider{}, DBRefCodecProvider{}, DBObjectCodecProvider{}, DocumentCodecProvider{}, CollectionCodecProvider{}, IterableCodecProvider{}, MapCodecProvider{}, GeoJsonCodecProvider{}, GridFSFileCodecProvider{}, Jsr310CodecProvider{}, JsonObjectCodecProvider{}, BsonCodecProvider{}, EnumCodecProvider{}, com.mongodb.client.model.mql.ExpressionCodecProvider@2676e69b, com.mongodb.Jep395RecordCodecProvider@5a84ca4e, com.mongodb.KotlinCodecProvider@4cfb12f0]}, loggerSettings=LoggerSettings{maxDocumentLength=1000}, clusterSettings={hosts=[127.0.0.1:27017], srvHost=cluster0.5fhtg4u.mongodb.net, srvServiceName=mongodb, mode=MULTIPLE, requiredClusterType=REPLICA_SET, requiredReplicaSetName='atlas-13xmns-shard-0', serverSelector='null', clusterListeners='[]', serverSelectionTimeout='30000 ms', localThreshold='15 ms'}, socketSettings=SocketSettings{connectTimeoutMS=10000, readTimeoutMS=0, receiveBufferSize=0, proxySettings=ProxySettings{host=null, port=null, username=null, password=null}}, heartbeatSocketSettings=SocketSettings{connectTimeoutMS=10000, readTimeoutMS=10000, receiveBufferSize=0, proxySettings=ProxySettings{host=null, port=null, username=null, password=null}}, connectionPoolSettings=ConnectionPoolSettings{maxSize=100, minSize=0, maxWaitTimeMS=120000, maxConnectionLifeTimeMS=0, maxConnectionIdleTimeMS=0, maintenanceInitialDelayMS=0, maintenanceFrequencyMS=60000, connectionPoolListeners=[], maxConnecting=2}, serverSettings=ServerSettings{heartbeatFrequencyMS=10000, minHeartbeatFrequencyMS=500, serverMonitoringMode=AUTO, serverListeners='[]', serverMonitorListeners='[]'}, sslSettings=SslSettings{enabled=true, invalidHostNameAllowed=false, context=null}, applicationName='Cluster0', compressorList=[], uuidRepresentation=JAVA_LEGACY, serverApi=null, autoEncryptionSettings=null, dnsClient=null, inetAddressResolver=null, contextProvider=null, timeoutMS=null}
05:33:33.997 [cluster-ClusterId{value='685a9b1d4b37cda922e0a39f', description='Cluster0'}-srv-cluster0.5fhtg4u.mongodb.net] INFO  org.mongodb.driver.cluster - Adding discovered server ac-otrun8c-shard-00-01.5fhtg4u.mongodb.net:27017 to client view of cluster
05:33:34.002 [cluster-ClusterId{value='685a9b1d4b37cda922e0a39f', description='Cluster0'}-srv-cluster0.5fhtg4u.mongodb.net] INFO  org.mongodb.driver.cluster - Adding discovered server ac-otrun8c-shard-00-00.5fhtg4u.mongodb.net:27017 to client view of cluster
05:33:34.263 [restartedMain] INFO  o.s.b.d.a.OptionalLiveReloadServer - LiveReload server is running on port 35729
05:33:34.495 [restartedMain] INFO  org.mongodb.driver.cluster - Waiting for server to become available for operation with ID 5. Remaining time: 29983 ms. Selector: WritableServerSelector, topology description: {type=REPLICA_SET, servers=[{address=ac-otrun8c-shard-00-02.5fhtg4u.mongodb.net:27017, type=UNKNOWN, state=CONNECTING}, {address=ac-otrun8c-shard-00-00.5fhtg4u.mongodb.net:27017, type=UNKNOWN, state=CONNECTING}, {address=ac-otrun8c-shard-00-01.5fhtg4u.mongodb.net:27017, type=UNKNOWN, state=CONNECTING}].
05:33:34.842 [cluster-ClusterId{value='685a9b1d4b37cda922e0a39f', description='Cluster0'}-ac-otrun8c-shard-00-02.5fhtg4u.mongodb.net:27017] INFO  org.mongodb.driver.cluster - Monitor thread successfully connected to server with description ServerDescription{address=ac-otrun8c-shard-00-02.5fhtg4u.mongodb.net:27017, type=REPLICA_SET_SECONDARY, cryptd=false, state=CONNECTED, ok=true, minWireVersion=0, maxWireVersion=25, maxDocumentSize=16777216, logicalSessionTimeoutMinutes=30, roundTripTimeNanos=557160900, minRoundTripTimeNanos=0, setName='atlas-13xmns-shard-0', canonicalAddress=ac-otrun8c-shard-00-02.5fhtg4u.mongodb.net:27017, hosts=[ac-otrun8c-shard-00-00.5fhtg4u.mongodb.net:27017, ac-otrun8c-shard-00-01.5fhtg4u.mongodb.net:27017, ac-otrun8c-shard-00-02.5fhtg4u.mongodb.net:27017], passives=[], arbiters=[], primary='ac-otrun8c-shard-00-01.5fhtg4u.mongodb.net:27017', tagSet=TagSet{[Tag{name='availabilityZone', value='aps1-az2'}, Tag{name='diskState', value='READY'}, Tag{name='nodeType', value='ELECTABLE'}, Tag{name='provider', value='AWS'}, Tag{name='region', value='AP_SOUTH_1'}, Tag{name='workloadType', value='OPERATIONAL'}]}, electionId=null, setVersion=319, topologyVersion=TopologyVersion{processId=6853a842f9bf2faac033e331, counter=5}, lastWriteDate=Tue Jun 24 05:33:34 PDT 2025, lastUpdateTimeNanos=1846670857748100}
05:33:34.842 [cluster-ClusterId{value='685a9b1d4b37cda922e0a39f', description='Cluster0'}-ac-otrun8c-shard-00-00.5fhtg4u.mongodb.net:27017] INFO  org.mongodb.driver.cluster - Monitor thread successfully connected to server with description ServerDescription{address=ac-otrun8c-shard-00-00.5fhtg4u.mongodb.net:27017, type=REPLICA_SET_SECONDARY, cryptd=false, state=CONNECTED, ok=true, minWireVersion=0, maxWireVersion=25, maxDocumentSize=16777216, logicalSessionTimeoutMinutes=30, roundTripTimeNanos=553970900, minRoundTripTimeNanos=0, setName='atlas-13xmns-shard-0', canonicalAddress=ac-otrun8c-shard-00-00.5fhtg4u.mongodb.net:27017, hosts=[ac-otrun8c-shard-00-00.5fhtg4u.mongodb.net:27017, ac-otrun8c-shard-00-01.5fhtg4u.mongodb.net:27017, ac-otrun8c-shard-00-02.5fhtg4u.mongodb.net:27017], passives=[], arbiters=[], primary='ac-otrun8c-shard-00-01.5fhtg4u.mongodb.net:27017', tagSet=TagSet{[Tag{name='availabilityZone', value='aps1-az1'}, Tag{name='diskState', value='READY'}, Tag{name='nodeType', value='ELECTABLE'}, Tag{name='provider', value='AWS'}, Tag{name='region', value='AP_SOUTH_1'}, Tag{name='workloadType', value='OPERATIONAL'}]}, electionId=null, setVersion=319, topologyVersion=TopologyVersion{processId=6853a6964d53d98859499a77, counter=5}, lastWriteDate=Tue Jun 24 05:33:34 PDT 2025, lastUpdateTimeNanos=1846670857748100}
05:33:34.842 [cluster-ClusterId{value='685a9b1d4b37cda922e0a39f', description='Cluster0'}-ac-otrun8c-shard-00-01.5fhtg4u.mongodb.net:27017] INFO  org.mongodb.driver.cluster - Monitor thread successfully connected to server with description ServerDescription{address=ac-otrun8c-shard-00-01.5fhtg4u.mongodb.net:27017, type=REPLICA_SET_PRIMARY, cryptd=false, state=CONNECTED, ok=true, minWireVersion=0, maxWireVersion=25, maxDocumentSize=16777216, logicalSessionTimeoutMinutes=30, roundTripTimeNanos=557161000, minRoundTripTimeNanos=0, setName='atlas-13xmns-shard-0', canonicalAddress=ac-otrun8c-shard-00-01.5fhtg4u.mongodb.net:27017, hosts=[ac-otrun8c-shard-00-00.5fhtg4u.mongodb.net:27017, ac-otrun8c-shard-00-01.5fhtg4u.mongodb.net:27017, ac-otrun8c-shard-00-02.5fhtg4u.mongodb.net:27017], passives=[], arbiters=[], primary='ac-otrun8c-shard-00-01.5fhtg4u.mongodb.net:27017', tagSet=TagSet{[Tag{name='availabilityZone', value='aps1-az3'}, Tag{name='diskState', value='READY'}, Tag{name='nodeType', value='ELECTABLE'}, Tag{name='provider', value='AWS'}, Tag{name='region', value='AP_SOUTH_1'}, Tag{name='workloadType', value='OPERATIONAL'}]}, electionId=7fffffff000000000000010d, setVersion=319, topologyVersion=TopologyVersion{processId=68539d4c523f9525edce98c0, counter=9}, lastWriteDate=Tue Jun 24 05:33:34 PDT 2025, lastUpdateTimeNanos=1846670857748100}
05:33:34.846 [cluster-ClusterId{value='685a9b1d4b37cda922e0a39f', description='Cluster0'}-ac-otrun8c-shard-00-01.5fhtg4u.mongodb.net:27017] INFO  org.mongodb.driver.cluster - Discovered replica set primary ac-otrun8c-shard-00-01.5fhtg4u.mongodb.net:27017 with max election id 7fffffff000000000000010d and max set version 319
05:33:35.641 [restartedMain] WARN  o.s.b.a.o.j.JpaBaseConfiguration$JpaWebConfiguration - spring.jpa.open-in-view is enabled by default. Therefore, database queries may be performed during view rendering. Explicitly configure spring.jpa.open-in-view to disable this warning
05:33:35.951 [restartedMain] INFO  o.s.s.c.a.a.c.InitializeUserDetailsBeanManagerConfigurer$InitializeUserDetailsManagerConfigurer - Global AuthenticationManager configured with UserDetailsService bean with name userDetailsServiceImpl
05:33:36.317 [restartedMain] INFO  o.s.b.a.h.H2ConsoleAutoConfiguration - H2 console available at '/h2-console'. Database available at 'jdbc:h2:mem:0766ad28-08fa-48d2-99e3-106e86a098cc'
05:33:36.411 [restartedMain] INFO  o.a.coyote.http11.Http11NioProtocol - Starting ProtocolHandler ["http-nio-5001"]
05:33:36.426 [restartedMain] INFO  o.s.b.w.e.tomcat.TomcatWebServer - Tomcat started on port 5001 (http) with context path '/dev'
05:33:36.452 [restartedMain] INFO  c.e.j.JournalprojectApplication - Started JournalprojectApplication in 7.611 seconds (process running for 8.66)
05:34:00.621 [http-nio-5001-exec-1] INFO  o.a.c.c.C.[.[localhost].[/dev] - Initializing Spring DispatcherServlet 'dispatcherServlet'
05:34:00.622 [http-nio-5001-exec-1] INFO  o.s.web.servlet.DispatcherServlet - Initializing Servlet 'dispatcherServlet'
05:34:00.623 [http-nio-5001-exec-1] INFO  o.s.web.servlet.DispatcherServlet - Completed initialization in 1 ms
05:34:01.099 [http-nio-5001-exec-1] ERROR c.e.j.service.UserEntryService - ERROR : DUPLICATE ENTRY ! Write operation error on server ac-otrun8c-shard-00-01.5fhtg4u.mongodb.net:27017. Write error: WriteError{code=11000, message='E11000 duplicate key error collection: Journal.users index: username dup key: { username: "Joel" }', details={}}.
05:37:20.411 [SpringApplicationShutdownHook] INFO  o.s.b.w.e.tomcat.GracefulShutdown - Commencing graceful shutdown. Waiting for active requests to complete
05:37:20.425 [tomcat-shutdown] INFO  o.s.b.w.e.tomcat.GracefulShutdown - Graceful shutdown complete
05:37:20.480 [SpringApplicationShutdownHook] INFO  o.s.o.j.LocalContainerEntityManagerFactoryBean - Closing JPA EntityManagerFactory for persistence unit 'default'
05:37:20.489 [SpringApplicationShutdownHook] WARN  o.s.b.f.s.DisposableBeanAdapter - Invocation of destroy method failed on bean with name 'inMemoryDatabaseShutdownExecutor': org.h2.jdbc.JdbcSQLNonTransientConnectionException: Database is already closed (to disable automatic closing at VM shutdown, add ";DB_CLOSE_ON_EXIT=FALSE" to the db URL) [90121-232]
05:37:20.490 [SpringApplicationShutdownHook] INFO  com.zaxxer.hikari.HikariDataSource - HikariPool-1 - Shutdown initiated...
05:37:20.492 [SpringApplicationShutdownHook] INFO  com.zaxxer.hikari.HikariDataSource - HikariPool-1 - Shutdown completed.
